Starting playwright in headless=True
Output_dir: import/websites/gr.maharashtra.gov.in/May-2026/12-May-2026_v1
Setting form element: SitePH_txtFromDate
Setting form element: SitePH_txtToDate
https://gr.maharashtra.gov.in/1145/Government-Resolutions ../Site/Upload/Government%20Resolutions/English/202605121431166201....pdf
https://gr.maharashtra.gov.in/1145/Government-Resolutions ../Site/Upload/Government%20Resolutions/English/202605121653430301.pdf
https://gr.maharashtra.gov.in/1145/Government-Resolutions ../Site/Upload/Government%20Resolutions/English/202605121425259103.pdf
https://gr.maharashtra.gov.in/1145/Government-Resolutions ../Site/Upload/Government%20Resolutions/English/202605121159501407.pdf
https://gr.maharashtra.gov.in/1145/Government-Resolutions ../Site/Upload/Government%20Resolutions/English/202605121511315107.pdf
https://gr.maharashtra.gov.in/1145/Government-Resolutions ../Site/Upload/Government%20Resolutions/English/202605121720174507.pdf
https://gr.maharashtra.gov.in/1145/Government-Resolutions ../Site/Upload/Government%20Resolutions/English/202605121728522207.pdf
https://gr.maharashtra.gov.in/1145/Government-Resolutions ../Site/Upload/Government%20Resolutions/English/202605121503574908.pdf
https://gr.maharashtra.gov.in/1145/Government-Resolutions ../Site/Upload/Government%20Resolutions/English/202605121505506908.pdf
https://gr.maharashtra.gov.in/1145/Government-Resolutions ../Site/Upload/Government%20Resolutions/English/202605121806581510.pdf
https://gr.maharashtra.gov.in/1145/Government-Resolutions ../Site/Upload/Government%20Resolutions/English/202605121135267012.pdf
https://gr.maharashtra.gov.in/1145/Government-Resolutions ../Site/Upload/Government%20Resolutions/English/202605121036246813.pdf
https://gr.maharashtra.gov.in/1145/Government-Resolutions ../Site/Upload/Government%20Resolutions/English/202605121447314518....pdf
https://gr.maharashtra.gov.in/1145/Government-Resolutions ../Site/Upload/Government%20Resolutions/English/202605121026538019.pdf
https://gr.maharashtra.gov.in/1145/Government-Resolutions ../Site/Upload/Government%20Resolutions/English/202605121613096419....pdf
https://gr.maharashtra.gov.in/1145/Government-Resolutions ../Site/Upload/Government%20Resolutions/English/202605121826228419.pdf
https://gr.maharashtra.gov.in/1145/Government-Resolutions ../Site/Upload/Government%20Resolutions/English/202605121802297721....pdf
https://gr.maharashtra.gov.in/1145/Government-Resolutions ../Site/Upload/Government%20Resolutions/English/202605121620499423.pdf
https://gr.maharashtra.gov.in/1145/Government-Resolutions ../Site/Upload/Government%20Resolutions/English/202605121634409625.pdf
https://gr.maharashtra.gov.in/1145/Government-Resolutions ../Site/Upload/Government%20Resolutions/English/202605121203147526.pdf
https://gr.maharashtra.gov.in/1145/Government-Resolutions ../Site/Upload/Government%20Resolutions/English/202605121628553627.pdf
https://gr.maharashtra.gov.in/1145/Government-Resolutions ../Site/Upload/Government%20Resolutions/English/202605121710412927.pdf
https://gr.maharashtra.gov.in/1145/Government-Resolutions ../Site/Upload/Government%20Resolutions/English/202605121739394627.pdf
https://gr.maharashtra.gov.in/1145/Government-Resolutions ../Site/Upload/Government%20Resolutions/English/202605121742043027.pdf
https://gr.maharashtra.gov.in/1145/Government-Resolutions ../Site/Upload/Government%20Resolutions/English/202605121743574127.pdf
https://gr.maharashtra.gov.in/1145/Government-Resolutions ../Site/Upload/Government%20Resolutions/English/202605121745139027.pdf
https://gr.maharashtra.gov.in/1145/Government-Resolutions ../Site/Upload/Government%20Resolutions/English/202605121746371727.pdf
https://gr.maharashtra.gov.in/1145/Government-Resolutions ../Site/Upload/Government%20Resolutions/English/202605121748166027.pdf
https://gr.maharashtra.gov.in/1145/Government-Resolutions ../Site/Upload/Government%20Resolutions/English/202605121749496827.pdf
https://gr.maharashtra.gov.in/1145/Government-Resolutions ../Site/Upload/Government%20Resolutions/English/202605121751128627.pdf
https://gr.maharashtra.gov.in/1145/Government-Resolutions ../Site/Upload/Government%20Resolutions/English/202605121752558327.pdf
https://gr.maharashtra.gov.in/1145/Government-Resolutions ../Site/Upload/Government%20Resolutions/English/202605121754043927.pdf
https://gr.maharashtra.gov.in/1145/Government-Resolutions ../Site/Upload/Government%20Resolutions/English/202605121755303927.pdf
https://gr.maharashtra.gov.in/1145/Government-Resolutions ../Site/Upload/Government%20Resolutions/English/202605121756530327.pdf
https://gr.maharashtra.gov.in/1145/Government-Resolutions ../Site/Upload/Government%20Resolutions/English/202605121758320127.pdf
https://gr.maharashtra.gov.in/1145/Government-Resolutions ../Site/Upload/Government%20Resolutions/English/202605121542150528.pdf
https://gr.maharashtra.gov.in/1145/Government-Resolutions ../Site/Upload/Government%20Resolutions/English/202605121227108529.pdf
https://gr.maharashtra.gov.in/1145/Government-Resolutions ../Site/Upload/Government%20Resolutions/English/202605121603338130.pdf
https://gr.maharashtra.gov.in/1145/Government-Resolutions ../Site/Upload/Government%20Resolutions/English/202605111259139401....pdf
https://gr.maharashtra.gov.in/1145/Government-Resolutions ../Site/Upload/Government%20Resolutions/English/202605111316067301....pdf
https://gr.maharashtra.gov.in/1145/Government-Resolutions ../Site/Upload/Government%20Resolutions/English/202605111540312101.pdf
https://gr.maharashtra.gov.in/1145/Government-Resolutions ../Site/Upload/Government%20Resolutions/English/202605111543322901.pdf
https://gr.maharashtra.gov.in/1145/Government-Resolutions ../Site/Upload/Government%20Resolutions/English/202605111553047301.pdf
https://gr.maharashtra.gov.in/1145/Government-Resolutions ../Site/Upload/Government%20Resolutions/English/202605111740423601.pdf
https://gr.maharashtra.gov.in/1145/Government-Resolutions ../Site/Upload/Government%20Resolutions/English/202605111745444901....pdf
https://gr.maharashtra.gov.in/1145/Government-Resolutions ../Site/Upload/Government%20Resolutions/English/202605111255004405.pdf
https://gr.maharashtra.gov.in/1145/Government-Resolutions ../Site/Upload/Government%20Resolutions/English/202605111239119307....pdf
https://gr.maharashtra.gov.in/1145/Government-Resolutions ../Site/Upload/Government%20Resolutions/English/202605111242487607.....pdf
https://gr.maharashtra.gov.in/1145/Government-Resolutions ../Site/Upload/Government%20Resolutions/English/202605111643407007....pdf
https://gr.maharashtra.gov.in/1145/Government-Resolutions ../Site/Upload/Government%20Resolutions/English/202605111716076007.pdf
https://gr.maharashtra.gov.in/1145/Government-Resolutions ../Site/Upload/Government%20Resolutions/English/202605111730110207.pdf
https://gr.maharashtra.gov.in/1145/Government-Resolutions ../Site/Upload/Government%20Resolutions/English/202605111804334007.pdf
https://gr.maharashtra.gov.in/1145/Government-Resolutions ../Site/Upload/Government%20Resolutions/English/202605111508583008.pdf
https://gr.maharashtra.gov.in/1145/Government-Resolutions ../Site/Upload/Government%20Resolutions/English/202605111309166411.............pdf
https://gr.maharashtra.gov.in/1145/Government-Resolutions ../Site/Upload/Government%20Resolutions/English/202605111246156412.pdf
https://gr.maharashtra.gov.in/1145/Government-Resolutions ../Site/Upload/Government%20Resolutions/English/202605111744348112.pdf
https://gr.maharashtra.gov.in/1145/Government-Resolutions ../Site/Upload/Government%20Resolutions/English/202605111747026912.pdf
https://gr.maharashtra.gov.in/1145/Government-Resolutions ../Site/Upload/Government%20Resolutions/English/202605111751521612.pdf
https://gr.maharashtra.gov.in/1145/Government-Resolutions ../Site/Upload/Government%20Resolutions/English/202605111755296012.pdf
https://gr.maharashtra.gov.in/1145/Government-Resolutions ../Site/Upload/Government%20Resolutions/English/202605111752436412.pdf
https://gr.maharashtra.gov.in/1145/Government-Resolutions ../Site/Upload/Government%20Resolutions/English/202605111758594312.pdf
https://gr.maharashtra.gov.in/1145/Government-Resolutions ../Site/Upload/Government%20Resolutions/English/202605111759398312.pdf
https://gr.maharashtra.gov.in/1145/Government-Resolutions ../Site/Upload/Government%20Resolutions/English/202605111803387212.pdf
https://gr.maharashtra.gov.in/1145/Government-Resolutions ../Site/Upload/Government%20Resolutions/English/202605111742398117.pdf
https://gr.maharashtra.gov.in/1145/Government-Resolutions ../Site/Upload/Government%20Resolutions/English/202605111546051419.pdf
https://gr.maharashtra.gov.in/1145/Government-Resolutions ../Site/Upload/Government%20Resolutions/English/202605111549388719.pdf
https://gr.maharashtra.gov.in/1145/Government-Resolutions ../Site/Upload/Government%20Resolutions/English/202605111627068419.pdf
https://gr.maharashtra.gov.in/1145/Government-Resolutions ../Site/Upload/Government%20Resolutions/English/202605111629088319.pdf
https://gr.maharashtra.gov.in/1145/Government-Resolutions ../Site/Upload/Government%20Resolutions/English/202605111054210420.pdf
https://gr.maharashtra.gov.in/1145/Government-Resolutions ../Site/Upload/Government%20Resolutions/English/202605111301306721.pdf
https://gr.maharashtra.gov.in/1145/Government-Resolutions ../Site/Upload/Government%20Resolutions/English/202605111605333621.pdf
https://gr.maharashtra.gov.in/1145/Government-Resolutions ../Site/Upload/Government%20Resolutions/English/202605111541564525.pdf
https://gr.maharashtra.gov.in/1145/Government-Resolutions ../Site/Upload/Government%20Resolutions/English/202605111602091525.pdf
https://gr.maharashtra.gov.in/1145/Government-Resolutions ../Site/Upload/Government%20Resolutions/English/202605111439180427.pdf
https://gr.maharashtra.gov.in/1145/Government-Resolutions ../Site/Upload/Government%20Resolutions/English/202605111733153928.pdf
https://gr.maharashtra.gov.in/1145/Government-Resolutions ../Site/Upload/Government%20Resolutions/English/202605111305106129.pdf
https://gr.maharashtra.gov.in/1145/Government-Resolutions ../Site/Upload/Government%20Resolutions/English/202605111119187330.pdf
https://gr.maharashtra.gov.in/1145/Government-Resolutions ../Site/Upload/Government%20Resolutions/English/202605081430408501.pdf
https://gr.maharashtra.gov.in/1145/Government-Resolutions ../Site/Upload/Government%20Resolutions/English/202605081622030201.pdf
https://gr.maharashtra.gov.in/1145/Government-Resolutions ../Site/Upload/Government%20Resolutions/English/202605081624109501.pdf
https://gr.maharashtra.gov.in/1145/Government-Resolutions ../Site/Upload/Government%20Resolutions/English/202605081823137301.pdf
https://gr.maharashtra.gov.in/1145/Government-Resolutions ../Site/Upload/Government%20Resolutions/English/202605081447592002.pdf
https://gr.maharashtra.gov.in/1145/Government-Resolutions ../Site/Upload/Government%20Resolutions/English/202605081636505502.pdf
https://gr.maharashtra.gov.in/1145/Government-Resolutions ../Site/Upload/Government%20Resolutions/English/202605081251537903.pdf
https://gr.maharashtra.gov.in/1145/Government-Resolutions ../Site/Upload/Government%20Resolutions/English/202605081724317203.pdf
https://gr.maharashtra.gov.in/1145/Government-Resolutions ../Site/Upload/Government%20Resolutions/English/202605081601421607.pdf
https://gr.maharashtra.gov.in/1145/Government-Resolutions ../Site/Upload/Government%20Resolutions/English/202605081532055008.pdf
https://gr.maharashtra.gov.in/1145/Government-Resolutions ../Site/Upload/Government%20Resolutions/English/202605081808173710.pdf
https://gr.maharashtra.gov.in/1145/Government-Resolutions ../Site/Upload/Government%20Resolutions/English/202605081815088710.pdf
https://gr.maharashtra.gov.in/1145/Government-Resolutions ../Site/Upload/Government%20Resolutions/English/202605081603410116.pdf
https://gr.maharashtra.gov.in/1145/Government-Resolutions ../Site/Upload/Government%20Resolutions/English/202605081213462217.pdf
https://gr.maharashtra.gov.in/1145/Government-Resolutions ../Site/Upload/Government%20Resolutions/English/202605081248573119.pdf
https://gr.maharashtra.gov.in/1145/Government-Resolutions ../Site/Upload/Government%20Resolutions/English/202605081300062519.pdf
https://gr.maharashtra.gov.in/1145/Government-Resolutions ../Site/Upload/Government%20Resolutions/English/202605081434195019.pdf
https://gr.maharashtra.gov.in/1145/Government-Resolutions ../Site/Upload/Government%20Resolutions/English/202605081712310719.pdf
https://gr.maharashtra.gov.in/1145/Government-Resolutions ../Site/Upload/Government%20Resolutions/English/202605081231562725.pdf
https://gr.maharashtra.gov.in/1145/Government-Resolutions ../Site/Upload/Government%20Resolutions/English/202605081700388725.pdf
https://gr.maharashtra.gov.in/1145/Government-Resolutions ../Site/Upload/Government%20Resolutions/English/202605081931016926...pdf
https://gr.maharashtra.gov.in/1145/Government-Resolutions ../Site/Upload/Government%20Resolutions/English/202605081604130428.pdf
https://gr.maharashtra.gov.in/1145/Government-Resolutions ../Site/Upload/Government%20Resolutions/English/202605081603517828.pdf
https://gr.maharashtra.gov.in/1145/Government-Resolutions ../Site/Upload/Government%20Resolutions/English/202605081603434528.pdf
https://gr.maharashtra.gov.in/1145/Government-Resolutions ../Site/Upload/Government%20Resolutions/English/202605081603412828.pdf
https://gr.maharashtra.gov.in/1145/Government-Resolutions ../Site/Upload/Government%20Resolutions/English/202605081604184228.pdf
https://gr.maharashtra.gov.in/1145/Government-Resolutions ../Site/Upload/Government%20Resolutions/English/202605081604105928.pdf
https://gr.maharashtra.gov.in/1145/Government-Resolutions ../Site/Upload/Government%20Resolutions/English/202605081552046829.pdf
https://gr.maharashtra.gov.in/1145/Government-Resolutions ../Site/Upload/Government%20Resolutions/English/202605081554092429.pdf
https://gr.maharashtra.gov.in/1145/Government-Resolutions ../Site/Upload/Government%20Resolutions/English/202605081438006830.pdf
https://gr.maharashtra.gov.in/1145/Government-Resolutions ../Site/Upload/Government%20Resolutions/English/202605081408074230.pdf
https://gr.maharashtra.gov.in/1145/Government-Resolutions ../Site/Upload/Government%20Resolutions/English/202605081408192630.pdf
https://gr.maharashtra.gov.in/1145/Government-Resolutions ../Site/Upload/Government%20Resolutions/English/202605081408300330.pdf
https://gr.maharashtra.gov.in/1145/Government-Resolutions ../Site/Upload/Government%20Resolutions/English/202605081654362230.pdf
https://gr.maharashtra.gov.in/1145/Government-Resolutions ../Site/Upload/Government%20Resolutions/English/202605081442289430.pdf
Next page not found on Page Number: 11+
Done crawling: 08-May-2026_12-May-2026
