*** New infos: 34
**** 202606081102247901 [0/34]
Unable to find https://gr.maharashtra.gov.in/Site/Upload/Government%20Resolutions/English/202606081102247901.pdf in wayback
Wayback machine failed for url: https://gr.maharashtra.gov.in/Site/Upload/Government%20Resolutions/English/202606081102247901.pdf -> Can not save 'https://gr.maharashtra.gov.in/Site/Upload/Government%20Resolutions/English/202606081102247901.pdf'. Save request refused by the server. Save Page Now limits saving 15 URLs per minutes. Try waiting for 5 minutes and then try again.

**** 202606081804171501 [1/34]
Unable to find https://gr.maharashtra.gov.in/Site/Upload/Government%20Resolutions/English/202606081804171501.pdf in wayback
Wayback machine failed for url: https://gr.maharashtra.gov.in/Site/Upload/Government%20Resolutions/English/202606081804171501.pdf -> Tried 3 times but failed to save and retrieve the archive for https://gr.maharashtra.gov.in/Site/Upload/Government%20Resolutions/English/202606081804171501.pdf.
Response URL:
https://web.archive.org/save/https://gr.maharashtra.gov.in/Site/Upload/Government%20Resolutions/English/202606081804171501.pdf
Response Header:
{'Server': 'nginx', 'Date': 'Mon, 08 Jun 2026 17:41:26 GMT', 'Content-Type': 'text/html', 'Transfer-Encoding': 'chunked', 'Connection': 'keep-alive', 'cache-control': 'no-cache', 'x-app-server': 'wwwb-app55-dc6', 'x-ts': '520', 'x-tr': '7099', 'server-timing': 'TR;dur=0,Tw;dur=0,Tc;dur=1', 'set-cookie': 'wb-save-SERVER=wwwb-app55; path=/', 'X-location': 'save-sync', 'X-RL': '1', 'X-NA': '0', 'X-Page-Cache': 'MISS', 'X-NID': 'Microsoft', 'Referrer-Policy': 'no-referrer-when-downgrade', 'Permissions-Policy': 'interest-cohort=()'}

**** 202606081703105002 [2/34]
Unable to find https://gr.maharashtra.gov.in/Site/Upload/Government%20Resolutions/English/202606081703105002.pdf in wayback
SAVED: https://web.archive.org/web/20260608174648/https://gr.maharashtra.gov.in/Site/Upload/Government%20Resolutions/English/202606081703105002.pdf
{'archive_length': '205664',
 'archive_mimetype': 'application/pdf',
 'archive_sha1': 'DMRF4STWLRL3DMRZ3COMVKV3VY7TC5QW',
 'archive_status_code': '200',
 'archive_time': datetime.datetime(2026, 6, 8, 17, 46, 48),
 'archive_url': 'https://web.archive.org/web/20260608174648/https://gr.maharashtra.gov.in/Site/Upload/Government%20Resolutions/English/202606081703105002.pdf',
 'content_url': 'https://web.archive.org/web/20260608174648id_/https://gr.maharashtra.gov.in/Site/Upload/Government%20Resolutions/English/202606081703105002.pdf',
 'url': 'https://gr.maharashtra.gov.in/Site/Upload/Government%20Resolutions/English/202606081703105002.pdf'}

**** 202606081127417510 [3/34]
Unable to find https://gr.maharashtra.gov.in/Site/Upload/Government%20Resolutions/English/202606081127417510.pdf in wayback
SAVED: https://web.archive.org/web/20260608174928/https://gr.maharashtra.gov.in/Site/Upload/Government%20Resolutions/English/202606081127417510.pdf
{'archive_length': '133965',
 'archive_mimetype': 'application/pdf',
 'archive_sha1': '5IQDRMT6T6N4IQGSCYPIH6W2WCENBDUO',
 'archive_status_code': '200',
 'archive_time': datetime.datetime(2026, 6, 8, 17, 49, 28),
 'archive_url': 'https://web.archive.org/web/20260608174928/https://gr.maharashtra.gov.in/Site/Upload/Government%20Resolutions/English/202606081127417510.pdf',
 'content_url': 'https://web.archive.org/web/20260608174928id_/https://gr.maharashtra.gov.in/Site/Upload/Government%20Resolutions/English/202606081127417510.pdf',
 'url': 'https://gr.maharashtra.gov.in/Site/Upload/Government%20Resolutions/English/202606081127417510.pdf'}

**** 202606081535416410 [4/34]
Unable to find https://gr.maharashtra.gov.in/Site/Upload/Government%20Resolutions/English/202606081535416410.pdf in wayback
Wayback machine failed for url: https://gr.maharashtra.gov.in/Site/Upload/Government%20Resolutions/English/202606081535416410.pdf -> Tried 3 times but failed to save and retrieve the archive for https://gr.maharashtra.gov.in/Site/Upload/Government%20Resolutions/English/202606081535416410.pdf.
Response URL:
https://web.archive.org/save/https://gr.maharashtra.gov.in/Site/Upload/Government%20Resolutions/English/202606081535416410.pdf
Response Header:
{'Server': 'nginx', 'Date': 'Mon, 08 Jun 2026 17:57:09 GMT', 'Content-Type': 'text/html', 'Transfer-Encoding': 'chunked', 'Connection': 'keep-alive', 'cache-control': 'no-cache', 'x-app-server': 'wwwb-app223-dc8', 'x-ts': '523', 'x-tr': '7063', 'server-timing': 'TR;dur=0,Tw;dur=0,Tc;dur=0', 'set-cookie': 'wb-save-SERVER=wwwb-app223; path=/', 'X-location': 'save-sync', 'X-RL': '1', 'X-NA': '0', 'X-Page-Cache': 'MISS', 'X-NID': 'Microsoft', 'Referrer-Policy': 'no-referrer-when-downgrade', 'Permissions-Policy': 'interest-cohort=()'}

**** 202606081751519210 [5/34]
Unable to find https://gr.maharashtra.gov.in/Site/Upload/Government%20Resolutions/English/202606081751519210.pdf in wayback
SAVED: https://web.archive.org/web/20260608175738/https://gr.maharashtra.gov.in/Site/Upload/Government%20Resolutions/English/202606081751519210.pdf
Unable to find https://gr.maharashtra.gov.in/Site/Upload/Government%20Resolutions/English/202606081751519210.pdf in wayback
None
Wayback machine failed for url: https://gr.maharashtra.gov.in/Site/Upload/Government%20Resolutions/English/202606081751519210.pdf -> 'NoneType' object does not support item assignment

**** 202606081244543716 [6/34]
Unable to find https://gr.maharashtra.gov.in/Site/Upload/Government%20Resolutions/English/202606081244543716.pdf in wayback
SAVED: https://web.archive.org/web/20260608180415/https://gr.maharashtra.gov.in/Site/Upload/Government%20Resolutions/English/202606081244543716.pdf
{'archive_length': '231821',
 'archive_mimetype': 'application/pdf',
 'archive_sha1': 'NAB2E743ZZBKN7SCIS43UUDJQ6SALA6B',
 'archive_status_code': '200',
 'archive_time': datetime.datetime(2026, 6, 8, 18, 4, 15),
 'archive_url': 'https://web.archive.org/web/20260608180415/https://gr.maharashtra.gov.in/Site/Upload/Government%20Resolutions/English/202606081244543716.pdf',
 'content_url': 'https://web.archive.org/web/20260608180415id_/https://gr.maharashtra.gov.in/Site/Upload/Government%20Resolutions/English/202606081244543716.pdf',
 'url': 'https://gr.maharashtra.gov.in/Site/Upload/Government%20Resolutions/English/202606081244543716.pdf'}

**** 202606081302413017 [7/34]
Unable to find https://gr.maharashtra.gov.in/Site/Upload/Government%20Resolutions/English/202606081302413017.pdf in wayback
Wayback machine failed for url: https://gr.maharashtra.gov.in/Site/Upload/Government%20Resolutions/English/202606081302413017.pdf -> Tried 3 times but failed to save and retrieve the archive for https://gr.maharashtra.gov.in/Site/Upload/Government%20Resolutions/English/202606081302413017.pdf.
Response URL:
https://web.archive.org/save/https://gr.maharashtra.gov.in/Site/Upload/Government%20Resolutions/English/202606081302413017.pdf
Response Header:
{'Server': 'nginx', 'Date': 'Mon, 08 Jun 2026 18:09:03 GMT', 'Content-Type': 'text/html', 'Transfer-Encoding': 'chunked', 'Connection': 'keep-alive', 'cache-control': 'no-cache', 'x-app-server': 'wwwb-app223-dc8', 'x-ts': '520', 'x-tr': '6031', 'server-timing': 'TR;dur=0,Tw;dur=0,Tc;dur=1', 'set-cookie': 'wb-save-SERVER=wwwb-app223; path=/', 'X-location': 'save-sync', 'X-RL': '1', 'X-NA': '0', 'X-Page-Cache': 'MISS', 'X-NID': 'Microsoft', 'Referrer-Policy': 'no-referrer-when-downgrade', 'Permissions-Policy': 'interest-cohort=()'}

**** 202606081318040918 [8/34]
Unable to find https://gr.maharashtra.gov.in/Site/Upload/Government%20Resolutions/English/202606081318040918.pdf in wayback
SAVED: https://web.archive.org/web/20260608180953/https://gr.maharashtra.gov.in/Site/Upload/Government%20Resolutions/English/202606081318040918.pdf
{'archive_length': '234338',
 'archive_mimetype': 'application/pdf',
 'archive_sha1': 'K2N3KKJKR6VLMIIU3DSTRSZX2F2IR67J',
 'archive_status_code': '200',
 'archive_time': datetime.datetime(2026, 6, 8, 18, 9, 53),
 'archive_url': 'https://web.archive.org/web/20260608180953/https://gr.maharashtra.gov.in/Site/Upload/Government%20Resolutions/English/202606081318040918.pdf',
 'content_url': 'https://web.archive.org/web/20260608180953id_/https://gr.maharashtra.gov.in/Site/Upload/Government%20Resolutions/English/202606081318040918.pdf',
 'url': 'https://gr.maharashtra.gov.in/Site/Upload/Government%20Resolutions/English/202606081318040918.pdf'}

**** 202606081320111518 [9/34]
Unable to find https://gr.maharashtra.gov.in/Site/Upload/Government%20Resolutions/English/202606081320111518.pdf in wayback
SAVED: https://web.archive.org/web/20260608181045/https://gr.maharashtra.gov.in/Site/Upload/Government%20Resolutions/English/202606081320111518.pdf
{'archive_length': '233624',
 'archive_mimetype': 'application/pdf',
 'archive_sha1': 'ZKSXFBFPNPDYJUUS6HDJBUSC2IE4QLUI',
 'archive_status_code': '200',
 'archive_time': datetime.datetime(2026, 6, 8, 18, 10, 45),
 'archive_url': 'https://web.archive.org/web/20260608181045/https://gr.maharashtra.gov.in/Site/Upload/Government%20Resolutions/English/202606081320111518.pdf',
 'content_url': 'https://web.archive.org/web/20260608181045id_/https://gr.maharashtra.gov.in/Site/Upload/Government%20Resolutions/English/202606081320111518.pdf',
 'url': 'https://gr.maharashtra.gov.in/Site/Upload/Government%20Resolutions/English/202606081320111518.pdf'}

**** 202606081636222218 [10/34]
Unable to find https://gr.maharashtra.gov.in/Site/Upload/Government%20Resolutions/English/202606081636222218.pdf in wayback
SAVED: https://web.archive.org/web/20260608181512/https://gr.maharashtra.gov.in/Site/Upload/Government%20Resolutions/English/202606081636222218.pdf
{'archive_length': '644181',
 'archive_mimetype': 'application/pdf',
 'archive_sha1': 'NAUWPPFB2KHL575AL4AFTA3JR5TZ24KZ',
 'archive_status_code': '200',
 'archive_time': datetime.datetime(2026, 6, 8, 18, 15, 12),
 'archive_url': 'https://web.archive.org/web/20260608181512/https://gr.maharashtra.gov.in/Site/Upload/Government%20Resolutions/English/202606081636222218.pdf',
 'content_url': 'https://web.archive.org/web/20260608181512id_/https://gr.maharashtra.gov.in/Site/Upload/Government%20Resolutions/English/202606081636222218.pdf',
 'url': 'https://gr.maharashtra.gov.in/Site/Upload/Government%20Resolutions/English/202606081636222218.pdf'}

**** 202606081657340118 [11/34]
Unable to find https://gr.maharashtra.gov.in/Site/Upload/Government%20Resolutions/English/202606081657340118.pdf in wayback
SAVED: https://web.archive.org/web/20260608181631/https://gr.maharashtra.gov.in/Site/Upload/Government%20Resolutions/English/202606081657340118.pdf
{'archive_length': '156240',
 'archive_mimetype': 'application/pdf',
 'archive_sha1': 'BGQJ57XZMOIIPB5R2Y6PCXSNQHMI5OM2',
 'archive_status_code': '200',
 'archive_time': datetime.datetime(2026, 6, 8, 18, 16, 31),
 'archive_url': 'https://web.archive.org/web/20260608181631/https://gr.maharashtra.gov.in/Site/Upload/Government%20Resolutions/English/202606081657340118.pdf',
 'content_url': 'https://web.archive.org/web/20260608181631id_/https://gr.maharashtra.gov.in/Site/Upload/Government%20Resolutions/English/202606081657340118.pdf',
 'url': 'https://gr.maharashtra.gov.in/Site/Upload/Government%20Resolutions/English/202606081657340118.pdf'}

**** 202606081210064819 [12/34]
Unable to find https://gr.maharashtra.gov.in/Site/Upload/Government%20Resolutions/English/202606081210064819.pdf in wayback
SAVED: https://web.archive.org/web/20260608181927/https://gr.maharashtra.gov.in/Site/Upload/Government%20Resolutions/English/202606081210064819.pdf
{'archive_length': '289938',
 'archive_mimetype': 'application/pdf',
 'archive_sha1': 'XTZ7XZLBIWYZOBGB4LSJIDPTFA5J7EGZ',
 'archive_status_code': '200',
 'archive_time': datetime.datetime(2026, 6, 8, 18, 19, 27),
 'archive_url': 'https://web.archive.org/web/20260608181927/https://gr.maharashtra.gov.in/Site/Upload/Government%20Resolutions/English/202606081210064819.pdf',
 'content_url': 'https://web.archive.org/web/20260608181927id_/https://gr.maharashtra.gov.in/Site/Upload/Government%20Resolutions/English/202606081210064819.pdf',
 'url': 'https://gr.maharashtra.gov.in/Site/Upload/Government%20Resolutions/English/202606081210064819.pdf'}

**** 202606081739559419 [13/34]
Unable to find https://gr.maharashtra.gov.in/Site/Upload/Government%20Resolutions/English/202606081739559419.pdf in wayback
SAVED: https://web.archive.org/web/20260608182215/https://gr.maharashtra.gov.in/Site/Upload/Government%20Resolutions/English/202606081739559419.pdf
{'archive_length': '411305',
 'archive_mimetype': 'application/pdf',
 'archive_sha1': '3Q7R7ZPX7MB4YR6MKDEEQPUBCZDGCEKY',
 'archive_status_code': '200',
 'archive_time': datetime.datetime(2026, 6, 8, 18, 22, 15),
 'archive_url': 'https://web.archive.org/web/20260608182215/https://gr.maharashtra.gov.in/Site/Upload/Government%20Resolutions/English/202606081739559419.pdf',
 'content_url': 'https://web.archive.org/web/20260608182215id_/https://gr.maharashtra.gov.in/Site/Upload/Government%20Resolutions/English/202606081739559419.pdf',
 'url': 'https://gr.maharashtra.gov.in/Site/Upload/Government%20Resolutions/English/202606081739559419.pdf'}

**** 202606081828361619 [14/34]
Unable to find https://gr.maharashtra.gov.in/Site/Upload/Government%20Resolutions/English/202606081828361619.pdf in wayback
Wayback machine failed for url: https://gr.maharashtra.gov.in/Site/Upload/Government%20Resolutions/English/202606081828361619.pdf -> Tried 3 times but failed to save and retrieve the archive for https://gr.maharashtra.gov.in/Site/Upload/Government%20Resolutions/English/202606081828361619.pdf.
Response URL:
https://web.archive.org/save/https://gr.maharashtra.gov.in/Site/Upload/Government%20Resolutions/English/202606081828361619.pdf
Response Header:
{'Server': 'nginx', 'Date': 'Mon, 08 Jun 2026 18:23:42 GMT', 'Content-Type': 'text/html', 'Transfer-Encoding': 'chunked', 'Connection': 'keep-alive', 'cache-control': 'no-cache', 'x-app-server': 'wwwb-app55-dc6', 'x-ts': '523', 'x-tr': '7119', 'server-timing': 'TR;dur=0,Tw;dur=0,Tc;dur=0', 'set-cookie': 'wb-save-SERVER=wwwb-app55; path=/', 'X-location': 'save-sync', 'X-RL': '1', 'X-NA': '0', 'X-Page-Cache': 'MISS', 'X-NID': 'Microsoft', 'Referrer-Policy': 'no-referrer-when-downgrade', 'Permissions-Policy': 'interest-cohort=()'}

**** 202606081743572821 [15/34]
Unable to find https://gr.maharashtra.gov.in/Site/Upload/Government%20Resolutions/English/202606081743572821.pdf in wayback
SAVED: https://web.archive.org/web/20260608182847/https://gr.maharashtra.gov.in/Site/Upload/Government%20Resolutions/English/202606081743572821.pdf
{'archive_length': '197590',
 'archive_mimetype': 'application/pdf',
 'archive_sha1': 'JMUNNT6JR24HTW4BDU5F4NKQZ4Q3MZEG',
 'archive_status_code': '200',
 'archive_time': datetime.datetime(2026, 6, 8, 18, 28, 47),
 'archive_url': 'https://web.archive.org/web/20260608182847/https://gr.maharashtra.gov.in/Site/Upload/Government%20Resolutions/English/202606081743572821.pdf',
 'content_url': 'https://web.archive.org/web/20260608182847id_/https://gr.maharashtra.gov.in/Site/Upload/Government%20Resolutions/English/202606081743572821.pdf',
 'url': 'https://gr.maharashtra.gov.in/Site/Upload/Government%20Resolutions/English/202606081743572821.pdf'}

**** 202606081814205126 [16/34]
Unable to find https://gr.maharashtra.gov.in/Site/Upload/Government%20Resolutions/English/202606081814205126.pdf in wayback
SAVED: https://web.archive.org/web/20260608183058/https://gr.maharashtra.gov.in/Site/Upload/Government%20Resolutions/English/202606081814205126.pdf
{'archive_length': '200085',
 'archive_mimetype': 'application/pdf',
 'archive_sha1': 'EXTHZEHT6VXT3ODEOCIPL7TMWHDBUU6R',
 'archive_status_code': '200',
 'archive_time': datetime.datetime(2026, 6, 8, 18, 30, 58),
 'archive_url': 'https://web.archive.org/web/20260608183058/https://gr.maharashtra.gov.in/Site/Upload/Government%20Resolutions/English/202606081814205126.pdf',
 'content_url': 'https://web.archive.org/web/20260608183058id_/https://gr.maharashtra.gov.in/Site/Upload/Government%20Resolutions/English/202606081814205126.pdf',
 'url': 'https://gr.maharashtra.gov.in/Site/Upload/Government%20Resolutions/English/202606081814205126.pdf'}

**** 202606081816105026 [17/34]
Unable to find https://gr.maharashtra.gov.in/Site/Upload/Government%20Resolutions/English/202606081816105026.pdf in wayback
SAVED: https://web.archive.org/web/20260608183649/https://gr.maharashtra.gov.in/Site/Upload/Government%20Resolutions/English/202606081816105026.pdf
Unable to find https://gr.maharashtra.gov.in/Site/Upload/Government%20Resolutions/English/202606081816105026.pdf in wayback
None
Wayback machine failed for url: https://gr.maharashtra.gov.in/Site/Upload/Government%20Resolutions/English/202606081816105026.pdf -> 'NoneType' object does not support item assignment

**** 202606081248314229 [18/34]
Unable to find https://gr.maharashtra.gov.in/Site/Upload/Government%20Resolutions/English/202606081248314229.pdf in wayback
Wayback machine failed for url: https://gr.maharashtra.gov.in/Site/Upload/Government%20Resolutions/English/202606081248314229.pdf -> Can not save 'https://gr.maharashtra.gov.in/Site/Upload/Government%20Resolutions/English/202606081248314229.pdf'. Save request refused by the server. Save Page Now limits saving 15 URLs per minutes. Try waiting for 5 minutes and then try again.

**** 202606081533280429 [19/34]
Unable to find https://gr.maharashtra.gov.in/Site/Upload/Government%20Resolutions/English/202606081533280429.pdf in wayback
SAVED: https://web.archive.org/web/20260608184218/https://gr.maharashtra.gov.in/Site/Upload/Government%20Resolutions/English/202606081533280429.pdf
{'archive_length': '198580',
 'archive_mimetype': 'application/pdf',
 'archive_sha1': 'ZSTMDNNPORD34F3IVPN45DY7MM3YJ3BD',
 'archive_status_code': '200',
 'archive_time': datetime.datetime(2026, 6, 8, 18, 42, 18),
 'archive_url': 'https://web.archive.org/web/20260608184218/https://gr.maharashtra.gov.in/Site/Upload/Government%20Resolutions/English/202606081533280429.pdf',
 'content_url': 'https://web.archive.org/web/20260608184218id_/https://gr.maharashtra.gov.in/Site/Upload/Government%20Resolutions/English/202606081533280429.pdf',
 'url': 'https://gr.maharashtra.gov.in/Site/Upload/Government%20Resolutions/English/202606081533280429.pdf'}

**** 202606081541064033 [20/34]
Unable to find https://gr.maharashtra.gov.in/Site/Upload/Government%20Resolutions/English/202606081541064033.pdf in wayback
SAVED: https://web.archive.org/web/20260608184325/https://gr.maharashtra.gov.in/Site/Upload/Government%20Resolutions/English/202606081541064033.pdf
{'archive_length': '295123',
 'archive_mimetype': 'application/pdf',
 'archive_sha1': '4DIHUX4TKEULP27N7CKCUXZIVSVYYVWW',
 'archive_status_code': '200',
 'archive_time': datetime.datetime(2026, 6, 8, 18, 43, 25),
 'archive_url': 'https://web.archive.org/web/20260608184325/https://gr.maharashtra.gov.in/Site/Upload/Government%20Resolutions/English/202606081541064033.pdf',
 'content_url': 'https://web.archive.org/web/20260608184325id_/https://gr.maharashtra.gov.in/Site/Upload/Government%20Resolutions/English/202606081541064033.pdf',
 'url': 'https://gr.maharashtra.gov.in/Site/Upload/Government%20Resolutions/English/202606081541064033.pdf'}

**** 202606081725567734 [21/34]
Unable to find https://gr.maharashtra.gov.in/Site/Upload/Government%20Resolutions/English/202606081725567734.pdf in wayback
SAVED: https://web.archive.org/web/20260608184747/https://gr.maharashtra.gov.in/Site/Upload/Government%20Resolutions/English/202606081725567734.pdf
{'archive_length': '167111',
 'archive_mimetype': 'application/pdf',
 'archive_sha1': 'TFGPACNIZJLYWPJUTAIWMEEPS7L6OJAK',
 'archive_status_code': '200',
 'archive_time': datetime.datetime(2026, 6, 8, 18, 47, 47),
 'archive_url': 'https://web.archive.org/web/20260608184747/https://gr.maharashtra.gov.in/Site/Upload/Government%20Resolutions/English/202606081725567734.pdf',
 'content_url': 'https://web.archive.org/web/20260608184747id_/https://gr.maharashtra.gov.in/Site/Upload/Government%20Resolutions/English/202606081725567734.pdf',
 'url': 'https://gr.maharashtra.gov.in/Site/Upload/Government%20Resolutions/English/202606081725567734.pdf'}

**** 202606081644504135 [22/34]
Unable to find https://gr.maharashtra.gov.in/Site/Upload/Government%20Resolutions/English/202606081644504135.pdf in wayback
SAVED: https://web.archive.org/web/20260608185240/https://gr.maharashtra.gov.in/Site/Upload/Government%20Resolutions/English/202606081644504135.pdf
{'archive_length': '358481',
 'archive_mimetype': 'application/pdf',
 'archive_sha1': 'BOUELSLGDOETGWDKAFF6HQRDWW7WBUCL',
 'archive_status_code': '200',
 'archive_time': datetime.datetime(2026, 6, 8, 18, 52, 40),
 'archive_url': 'https://web.archive.org/web/20260608185240/https://gr.maharashtra.gov.in/Site/Upload/Government%20Resolutions/English/202606081644504135.pdf',
 'content_url': 'https://web.archive.org/web/20260608185240id_/https://gr.maharashtra.gov.in/Site/Upload/Government%20Resolutions/English/202606081644504135.pdf',
 'url': 'https://gr.maharashtra.gov.in/Site/Upload/Government%20Resolutions/English/202606081644504135.pdf'}

**** 202606081646293335 [23/34]
Unable to find https://gr.maharashtra.gov.in/Site/Upload/Government%20Resolutions/English/202606081646293335.pdf in wayback
SAVED: https://web.archive.org/web/20260608185731/https://gr.maharashtra.gov.in/Site/Upload/Government%20Resolutions/English/202606081646293335.pdf
{'archive_length': '359101',
 'archive_mimetype': 'application/pdf',
 'archive_sha1': 'HCCZYSHXSMIIZBFCWMVTL3QLCN4H6WYZ',
 'archive_status_code': '200',
 'archive_time': datetime.datetime(2026, 6, 8, 18, 57, 31),
 'archive_url': 'https://web.archive.org/web/20260608185731/https://gr.maharashtra.gov.in/Site/Upload/Government%20Resolutions/English/202606081646293335.pdf',
 'content_url': 'https://web.archive.org/web/20260608185731id_/https://gr.maharashtra.gov.in/Site/Upload/Government%20Resolutions/English/202606081646293335.pdf',
 'url': 'https://gr.maharashtra.gov.in/Site/Upload/Government%20Resolutions/English/202606081646293335.pdf'}

**** 202606081649222335 [24/34]
Unable to find https://gr.maharashtra.gov.in/Site/Upload/Government%20Resolutions/English/202606081649222335.pdf in wayback
SAVED: https://web.archive.org/web/20260608185959/https://gr.maharashtra.gov.in/Site/Upload/Government%20Resolutions/English/202606081649222335.pdf
{'archive_length': '361547',
 'archive_mimetype': 'application/pdf',
 'archive_sha1': '7SYHDANRLSTFEZCUL7SCJS2GCSJALHPK',
 'archive_status_code': '200',
 'archive_time': datetime.datetime(2026, 6, 8, 18, 59, 59),
 'archive_url': 'https://web.archive.org/web/20260608185959/https://gr.maharashtra.gov.in/Site/Upload/Government%20Resolutions/English/202606081649222335.pdf',
 'content_url': 'https://web.archive.org/web/20260608185959id_/https://gr.maharashtra.gov.in/Site/Upload/Government%20Resolutions/English/202606081649222335.pdf',
 'url': 'https://gr.maharashtra.gov.in/Site/Upload/Government%20Resolutions/English/202606081649222335.pdf'}

**** 202606081651137335 [25/34]
Unable to find https://gr.maharashtra.gov.in/Site/Upload/Government%20Resolutions/English/202606081651137335.pdf in wayback
SAVED: https://web.archive.org/web/20260608190544/https://gr.maharashtra.gov.in/Site/Upload/Government%20Resolutions/English/202606081651137335.pdf
{'archive_length': '204511',
 'archive_mimetype': 'application/pdf',
 'archive_sha1': 'B5VZEZLLAYF2U4E62WLYDTV6LNIL6NAF',
 'archive_status_code': '200',
 'archive_time': datetime.datetime(2026, 6, 8, 19, 5, 44),
 'archive_url': 'https://web.archive.org/web/20260608190544/https://gr.maharashtra.gov.in/Site/Upload/Government%20Resolutions/English/202606081651137335.pdf',
 'content_url': 'https://web.archive.org/web/20260608190544id_/https://gr.maharashtra.gov.in/Site/Upload/Government%20Resolutions/English/202606081651137335.pdf',
 'url': 'https://gr.maharashtra.gov.in/Site/Upload/Government%20Resolutions/English/202606081651137335.pdf'}

**** 202606081653016435 [26/34]
Unable to find https://gr.maharashtra.gov.in/Site/Upload/Government%20Resolutions/English/202606081653016435.pdf in wayback
SAVED: https://web.archive.org/web/20260608190655/https://gr.maharashtra.gov.in/Site/Upload/Government%20Resolutions/English/202606081653016435.pdf
{'archive_length': '358211',
 'archive_mimetype': 'application/pdf',
 'archive_sha1': 'X4SGDC327APMJO3WOO2IO5626RX22RFX',
 'archive_status_code': '200',
 'archive_time': datetime.datetime(2026, 6, 8, 19, 6, 55),
 'archive_url': 'https://web.archive.org/web/20260608190655/https://gr.maharashtra.gov.in/Site/Upload/Government%20Resolutions/English/202606081653016435.pdf',
 'content_url': 'https://web.archive.org/web/20260608190655id_/https://gr.maharashtra.gov.in/Site/Upload/Government%20Resolutions/English/202606081653016435.pdf',
 'url': 'https://gr.maharashtra.gov.in/Site/Upload/Government%20Resolutions/English/202606081653016435.pdf'}

**** 202606081654321935 [27/34]
Unable to find https://gr.maharashtra.gov.in/Site/Upload/Government%20Resolutions/English/202606081654321935.pdf in wayback
SAVED: https://web.archive.org/web/20260608191301/https://gr.maharashtra.gov.in/Site/Upload/Government%20Resolutions/English/202606081654321935.pdf
{'archive_length': '361433',
 'archive_mimetype': 'application/pdf',
 'archive_sha1': 'XEOADZFMEHAVOK3QVZKUUIOU7EKSZDHP',
 'archive_status_code': '200',
 'archive_time': datetime.datetime(2026, 6, 8, 19, 13, 1),
 'archive_url': 'https://web.archive.org/web/20260608191301/https://gr.maharashtra.gov.in/Site/Upload/Government%20Resolutions/English/202606081654321935.pdf',
 'content_url': 'https://web.archive.org/web/20260608191301id_/https://gr.maharashtra.gov.in/Site/Upload/Government%20Resolutions/English/202606081654321935.pdf',
 'url': 'https://gr.maharashtra.gov.in/Site/Upload/Government%20Resolutions/English/202606081654321935.pdf'}

**** 202606051349302717 [28/34]
Unable to find https://gr.maharashtra.gov.in/Site/Upload/Government%20Resolutions/English/202606051349302717.pdf in wayback
Wayback machine failed for url: https://gr.maharashtra.gov.in/Site/Upload/Government%20Resolutions/English/202606051349302717.pdf -> Tried 3 times but failed to save and retrieve the archive for https://gr.maharashtra.gov.in/Site/Upload/Government%20Resolutions/English/202606051349302717.pdf.
Response URL:
https://web.archive.org/save/https://gr.maharashtra.gov.in/Site/Upload/Government%20Resolutions/English/202606051349302717.pdf
Response Header:
{'Server': 'nginx', 'Date': 'Mon, 08 Jun 2026 19:14:26 GMT', 'Content-Type': 'text/html', 'Transfer-Encoding': 'chunked', 'Connection': 'keep-alive', 'cache-control': 'no-cache', 'x-app-server': 'wwwb-app55-dc6', 'x-ts': '520', 'x-tr': '6100', 'server-timing': 'TR;dur=0,Tw;dur=0,Tc;dur=0', 'set-cookie': 'wb-save-SERVER=wwwb-app55; path=/', 'X-location': 'save-sync', 'X-RL': '1', 'X-NA': '0', 'X-Page-Cache': 'MISS', 'X-NID': 'Microsoft', 'Referrer-Policy': 'no-referrer-when-downgrade', 'Permissions-Policy': 'interest-cohort=()'}

**** 202606051349271217 [29/34]
Unable to find https://gr.maharashtra.gov.in/Site/Upload/Government%20Resolutions/English/202606051349271217.pdf in wayback
SAVED: https://web.archive.org/web/20260608191451/https://gr.maharashtra.gov.in/Site/Upload/Government%20Resolutions/English/202606051349271217.pdf
{'archive_length': '127901',
 'archive_mimetype': 'application/pdf',
 'archive_sha1': 'PFEF7XIHWOAR7KU7BUO2QWXEVWZVWH76',
 'archive_status_code': '200',
 'archive_time': datetime.datetime(2026, 6, 8, 19, 14, 51),
 'archive_url': 'https://web.archive.org/web/20260608191451/https://gr.maharashtra.gov.in/Site/Upload/Government%20Resolutions/English/202606051349271217.pdf',
 'content_url': 'https://web.archive.org/web/20260608191451id_/https://gr.maharashtra.gov.in/Site/Upload/Government%20Resolutions/English/202606051349271217.pdf',
 'url': 'https://gr.maharashtra.gov.in/Site/Upload/Government%20Resolutions/English/202606051349271217.pdf'}

**** 202606051547224820 [30/34]
Unable to find https://gr.maharashtra.gov.in/Site/Upload/Government%20Resolutions/English/202606051547224820.pdf in wayback
SAVED: https://web.archive.org/web/20260608192101/https://gr.maharashtra.gov.in/Site/Upload/Government%20Resolutions/English/202606051547224820.pdf
{'archive_length': '248776',
 'archive_mimetype': 'application/pdf',
 'archive_sha1': '3BBBNU3L3ALKAHOHHKPSLY435MLYZRB2',
 'archive_status_code': '200',
 'archive_time': datetime.datetime(2026, 6, 8, 19, 21, 1),
 'archive_url': 'https://web.archive.org/web/20260608192101/https://gr.maharashtra.gov.in/Site/Upload/Government%20Resolutions/English/202606051547224820.pdf',
 'content_url': 'https://web.archive.org/web/20260608192101id_/https://gr.maharashtra.gov.in/Site/Upload/Government%20Resolutions/English/202606051547224820.pdf',
 'url': 'https://gr.maharashtra.gov.in/Site/Upload/Government%20Resolutions/English/202606051547224820.pdf'}

**** 202606051547340420 [31/34]
Unable to find https://gr.maharashtra.gov.in/Site/Upload/Government%20Resolutions/English/202606051547340420.pdf in wayback
SAVED: https://web.archive.org/web/20260608192552/https://gr.maharashtra.gov.in/Site/Upload/Government%20Resolutions/English/202606051547340420.pdf
{'archive_length': '253606',
 'archive_mimetype': 'application/pdf',
 'archive_sha1': 'KSBQWTZETIZEG3ZSFWHSSPS5HGRFS7HJ',
 'archive_status_code': '200',
 'archive_time': datetime.datetime(2026, 6, 8, 19, 25, 52),
 'archive_url': 'https://web.archive.org/web/20260608192552/https://gr.maharashtra.gov.in/Site/Upload/Government%20Resolutions/English/202606051547340420.pdf',
 'content_url': 'https://web.archive.org/web/20260608192552id_/https://gr.maharashtra.gov.in/Site/Upload/Government%20Resolutions/English/202606051547340420.pdf',
 'url': 'https://gr.maharashtra.gov.in/Site/Upload/Government%20Resolutions/English/202606051547340420.pdf'}

**** 202606051912297520 [32/34]
Unable to find https://gr.maharashtra.gov.in/Site/Upload/Government%20Resolutions/English/202606051912297520.pdf in wayback
SAVED: https://web.archive.org/web/20260608193033/https://gr.maharashtra.gov.in/Site/Upload/Government%20Resolutions/English/202606051912297520.pdf
{'archive_length': '176314',
 'archive_mimetype': 'application/pdf',
 'archive_sha1': 'LE44LAD2DGGNCQHQZJLDKBXKNEVQ624Q',
 'archive_status_code': '200',
 'archive_time': datetime.datetime(2026, 6, 8, 19, 30, 33),
 'archive_url': 'https://web.archive.org/web/20260608193033/https://gr.maharashtra.gov.in/Site/Upload/Government%20Resolutions/English/202606051912297520.pdf',
 'content_url': 'https://web.archive.org/web/20260608193033id_/https://gr.maharashtra.gov.in/Site/Upload/Government%20Resolutions/English/202606051912297520.pdf',
 'url': 'https://gr.maharashtra.gov.in/Site/Upload/Government%20Resolutions/English/202606051912297520.pdf'}

**** 202606051547282120 [33/34]
Unable to find https://gr.maharashtra.gov.in/Site/Upload/Government%20Resolutions/English/202606051547282120.pdf in wayback
SAVED: https://web.archive.org/web/20260608193702/https://gr.maharashtra.gov.in/Site/Upload/Government%20Resolutions/English/202606051547282120.pdf
{'archive_length': '247700',
 'archive_mimetype': 'application/pdf',
 'archive_sha1': 'D4UHI6MCGJFZ6KQZPGWXHPM2D654JCEH',
 'archive_status_code': '200',
 'archive_time': datetime.datetime(2026, 6, 8, 19, 37, 2),
 'archive_url': 'https://web.archive.org/web/20260608193702/https://gr.maharashtra.gov.in/Site/Upload/Government%20Resolutions/English/202606051547282120.pdf',
 'content_url': 'https://web.archive.org/web/20260608193702id_/https://gr.maharashtra.gov.in/Site/Upload/Government%20Resolutions/English/202606051547282120.pdf',
 'url': 'https://gr.maharashtra.gov.in/Site/Upload/Government%20Resolutions/English/202606051547282120.pdf'}

