*** New infos: 102
*** Uploading 202603281333318801 [0/102]
Downloading https://gr.maharashtra.gov.in/Site/Upload/Government%20Resolutions/English/202603281333318801.pdf
	Saving on archive
**Uploaded: in.gov.maharashtra.gr.202603281333318801 https://s3.us.archive.org/in.gov.maharashtra.gr.202603281333318801/202603281333318801.pdf

Success: https://s3.us.archive.org/in.gov.maharashtra.gr.202603281333318801/202603281333318801.pdf
*** Uploading 202603281723428701 [1/102]
Downloading https://gr.maharashtra.gov.in/Site/Upload/Government%20Resolutions/English/202603281723428701.pdf
	Saving on archive
**Uploaded: in.gov.maharashtra.gr.202603281723428701 https://s3.us.archive.org/in.gov.maharashtra.gr.202603281723428701/202603281723428701.pdf

Success: https://s3.us.archive.org/in.gov.maharashtra.gr.202603281723428701/202603281723428701.pdf
*** Uploading 202603281833126001 [2/102]
Downloading https://gr.maharashtra.gov.in/Site/Upload/Government%20Resolutions/English/202603281833126001.pdf
	Saving on archive
**Uploaded: in.gov.maharashtra.gr.202603281833126001 https://s3.us.archive.org/in.gov.maharashtra.gr.202603281833126001/202603281833126001.pdf

Success: https://s3.us.archive.org/in.gov.maharashtra.gr.202603281833126001/202603281833126001.pdf
*** Uploading 202603281432444202 [3/102]
Downloading https://gr.maharashtra.gov.in/Site/Upload/Government%20Resolutions/English/202603281432444202.pdf
	Saving on archive
**Uploaded: in.gov.maharashtra.gr.202603281432444202 https://s3.us.archive.org/in.gov.maharashtra.gr.202603281432444202/202603281432444202.pdf

Success: https://s3.us.archive.org/in.gov.maharashtra.gr.202603281432444202/202603281432444202.pdf
*** Uploading 202603281727108502 [4/102]
Downloading https://gr.maharashtra.gov.in/Site/Upload/Government%20Resolutions/English/202603281727108502.pdf
	Saving on archive
**Uploaded: in.gov.maharashtra.gr.202603281727108502 https://s3.us.archive.org/in.gov.maharashtra.gr.202603281727108502/202603281727108502.pdf

Success: https://s3.us.archive.org/in.gov.maharashtra.gr.202603281727108502/202603281727108502.pdf
*** Uploading 202603281729432202 [5/102]
Downloading https://gr.maharashtra.gov.in/Site/Upload/Government%20Resolutions/English/202603281729432202.pdf
	Saving on archive
**Uploaded: in.gov.maharashtra.gr.202603281729432202 https://s3.us.archive.org/in.gov.maharashtra.gr.202603281729432202/202603281729432202.pdf

Success: https://s3.us.archive.org/in.gov.maharashtra.gr.202603281729432202/202603281729432202.pdf
*** Uploading 202603281730460004 [6/102]
Downloading https://gr.maharashtra.gov.in/Site/Upload/Government%20Resolutions/English/202603281730460004.pdf
	Saving on archive
**Uploaded: in.gov.maharashtra.gr.202603281730460004 https://s3.us.archive.org/in.gov.maharashtra.gr.202603281730460004/202603281730460004.pdf

Success: https://s3.us.archive.org/in.gov.maharashtra.gr.202603281730460004/202603281730460004.pdf
*** Uploading 202603281733339304 [7/102]
Downloading https://gr.maharashtra.gov.in/Site/Upload/Government%20Resolutions/English/202603281733339304.pdf
	Saving on archive
**Uploaded: in.gov.maharashtra.gr.202603281733339304 https://s3.us.archive.org/in.gov.maharashtra.gr.202603281733339304/202603281733339304.pdf

Success: https://s3.us.archive.org/in.gov.maharashtra.gr.202603281733339304/202603281733339304.pdf
*** Uploading 202603281736258604 [8/102]
Downloading https://gr.maharashtra.gov.in/Site/Upload/Government%20Resolutions/English/202603281736258604.pdf
	Saving on archive
**Uploaded: in.gov.maharashtra.gr.202603281736258604 https://s3.us.archive.org/in.gov.maharashtra.gr.202603281736258604/202603281736258604.pdf

Success: https://s3.us.archive.org/in.gov.maharashtra.gr.202603281736258604/202603281736258604.pdf
*** Uploading 202603281739097604 [9/102]
Downloading https://gr.maharashtra.gov.in/Site/Upload/Government%20Resolutions/English/202603281739097604.pdf
	Saving on archive
**Uploaded: in.gov.maharashtra.gr.202603281739097604 https://s3.us.archive.org/in.gov.maharashtra.gr.202603281739097604/202603281739097604.pdf

Success: https://s3.us.archive.org/in.gov.maharashtra.gr.202603281739097604/202603281739097604.pdf
*** Uploading 202603281742206604 [10/102]
Downloading https://gr.maharashtra.gov.in/Site/Upload/Government%20Resolutions/English/202603281742206604.pdf
	Saving on archive
**Uploaded: in.gov.maharashtra.gr.202603281742206604 https://s3.us.archive.org/in.gov.maharashtra.gr.202603281742206604/202603281742206604.pdf

Success: https://s3.us.archive.org/in.gov.maharashtra.gr.202603281742206604/202603281742206604.pdf
*** Uploading 202603281744314804 [11/102]
Downloading https://gr.maharashtra.gov.in/Site/Upload/Government%20Resolutions/English/202603281744314804.pdf
	Saving on archive
**Uploaded: in.gov.maharashtra.gr.202603281744314804 https://s3.us.archive.org/in.gov.maharashtra.gr.202603281744314804/202603281744314804.pdf

Success: https://s3.us.archive.org/in.gov.maharashtra.gr.202603281744314804/202603281744314804.pdf
*** Uploading 202603281747259004 [12/102]
Downloading https://gr.maharashtra.gov.in/Site/Upload/Government%20Resolutions/English/202603281747259004.pdf
	Saving on archive
**Uploaded: in.gov.maharashtra.gr.202603281747259004 https://s3.us.archive.org/in.gov.maharashtra.gr.202603281747259004/202603281747259004.pdf

Success: https://s3.us.archive.org/in.gov.maharashtra.gr.202603281747259004/202603281747259004.pdf
*** Uploading 202603281751005704 [13/102]
Downloading https://gr.maharashtra.gov.in/Site/Upload/Government%20Resolutions/English/202603281751005704.pdf
	Saving on archive
**Uploaded: in.gov.maharashtra.gr.202603281751005704 https://s3.us.archive.org/in.gov.maharashtra.gr.202603281751005704/202603281751005704.pdf

Success: https://s3.us.archive.org/in.gov.maharashtra.gr.202603281751005704/202603281751005704.pdf
*** Uploading 202603281751358504 [14/102]
Downloading https://gr.maharashtra.gov.in/Site/Upload/Government%20Resolutions/English/202603281751358504.pdf
	Saving on archive
**Uploaded: in.gov.maharashtra.gr.202603281751358504 https://s3.us.archive.org/in.gov.maharashtra.gr.202603281751358504/202603281751358504.pdf

Success: https://s3.us.archive.org/in.gov.maharashtra.gr.202603281751358504/202603281751358504.pdf
*** Uploading 202603281753428604 [15/102]
Downloading https://gr.maharashtra.gov.in/Site/Upload/Government%20Resolutions/English/202603281753428604.pdf
	Saving on archive
**Uploaded: in.gov.maharashtra.gr.202603281753428604 https://s3.us.archive.org/in.gov.maharashtra.gr.202603281753428604/202603281753428604.pdf

Success: https://s3.us.archive.org/in.gov.maharashtra.gr.202603281753428604/202603281753428604.pdf
*** Uploading 202603281754396104 [16/102]
Downloading https://gr.maharashtra.gov.in/Site/Upload/Government%20Resolutions/English/202603281754396104.pdf
	Saving on archive
**Uploaded: in.gov.maharashtra.gr.202603281754396104 https://s3.us.archive.org/in.gov.maharashtra.gr.202603281754396104/202603281754396104.pdf

Success: https://s3.us.archive.org/in.gov.maharashtra.gr.202603281754396104/202603281754396104.pdf
*** Uploading 202603281757027904 [17/102]
Downloading https://gr.maharashtra.gov.in/Site/Upload/Government%20Resolutions/English/202603281757027904.pdf
	Saving on archive
Exeption as Error retrieving metadata from https://archive.org/metadata/in.gov.maharashtra.gr.202603281757027904, (MaxRetryError("HTTPSConnectionPool(host='archive.org', port=443): Max retries exceeded with url: /metadata/in.gov.maharashtra.gr.202603281757027904 (Caused by ConnectTimeoutError(<urllib3.connection.HTTPSConnection object at 0x7f39dea02b00>, 'Connection to archive.org timed out. (connect timeout=12)'))"), 'https://archive.org/metadata/in.gov.maharashtra.gr.202603281757027904')
Failed
*** Uploading 202603281757319904 [18/102]
Downloading https://gr.maharashtra.gov.in/Site/Upload/Government%20Resolutions/English/202603281757319904.pdf
	Saving on archive
**Uploaded: in.gov.maharashtra.gr.202603281757319904 https://s3.us.archive.org/in.gov.maharashtra.gr.202603281757319904/202603281757319904.pdf

Success: https://s3.us.archive.org/in.gov.maharashtra.gr.202603281757319904/202603281757319904.pdf
*** Uploading 202603281800065604 [19/102]
Downloading https://gr.maharashtra.gov.in/Site/Upload/Government%20Resolutions/English/202603281800065604.pdf
	Saving on archive
**Uploaded: in.gov.maharashtra.gr.202603281800065604 https://s3.us.archive.org/in.gov.maharashtra.gr.202603281800065604/202603281800065604.pdf

Success: https://s3.us.archive.org/in.gov.maharashtra.gr.202603281800065604/202603281800065604.pdf
*** Uploading 202603281322194609 [20/102]
Downloading https://gr.maharashtra.gov.in/Site/Upload/Government%20Resolutions/English/202603281322194609.pdf
	Saving on archive
**Uploaded: in.gov.maharashtra.gr.202603281322194609 https://s3.us.archive.org/in.gov.maharashtra.gr.202603281322194609/202603281322194609.pdf

Success: https://s3.us.archive.org/in.gov.maharashtra.gr.202603281322194609/202603281322194609.pdf
*** Uploading 202603281243058910 [21/102]
Downloading https://gr.maharashtra.gov.in/Site/Upload/Government%20Resolutions/English/202603281243058910.pdf
	Saving on archive
**Uploaded: in.gov.maharashtra.gr.202603281243058910 https://s3.us.archive.org/in.gov.maharashtra.gr.202603281243058910/202603281243058910.pdf

Success: https://s3.us.archive.org/in.gov.maharashtra.gr.202603281243058910/202603281243058910.pdf
*** Uploading 202603281245008710 [22/102]
Downloading https://gr.maharashtra.gov.in/Site/Upload/Government%20Resolutions/English/202603281245008710.pdf
	Saving on archive
**Uploaded: in.gov.maharashtra.gr.202603281245008710 https://s3.us.archive.org/in.gov.maharashtra.gr.202603281245008710/202603281245008710.pdf

Success: https://s3.us.archive.org/in.gov.maharashtra.gr.202603281245008710/202603281245008710.pdf
*** Uploading 202603281247115910 [23/102]
Downloading https://gr.maharashtra.gov.in/Site/Upload/Government%20Resolutions/English/202603281247115910.pdf
	Saving on archive
**Uploaded: in.gov.maharashtra.gr.202603281247115910 https://s3.us.archive.org/in.gov.maharashtra.gr.202603281247115910/202603281247115910.pdf

Success: https://s3.us.archive.org/in.gov.maharashtra.gr.202603281247115910/202603281247115910.pdf
*** Uploading 202603281249231110 [24/102]
Downloading https://gr.maharashtra.gov.in/Site/Upload/Government%20Resolutions/English/202603281249231110.pdf
	Saving on archive
**Uploaded: in.gov.maharashtra.gr.202603281249231110 https://s3.us.archive.org/in.gov.maharashtra.gr.202603281249231110/202603281249231110.pdf

Success: https://s3.us.archive.org/in.gov.maharashtra.gr.202603281249231110/202603281249231110.pdf
*** Uploading 202603281338083310 [25/102]
Downloading https://gr.maharashtra.gov.in/Site/Upload/Government%20Resolutions/English/202603281338083310....pdf
	Saving on archive
**Uploaded: in.gov.maharashtra.gr.202603281338083310 https://s3.us.archive.org/in.gov.maharashtra.gr.202603281338083310/202603281338083310.pdf

Success: https://s3.us.archive.org/in.gov.maharashtra.gr.202603281338083310/202603281338083310.pdf
*** Uploading 202603281345400410 [26/102]
Downloading https://gr.maharashtra.gov.in/Site/Upload/Government%20Resolutions/English/202603281345400410....pdf
	Saving on archive
**Uploaded: in.gov.maharashtra.gr.202603281345400410 https://s3.us.archive.org/in.gov.maharashtra.gr.202603281345400410/202603281345400410.pdf

Success: https://s3.us.archive.org/in.gov.maharashtra.gr.202603281345400410/202603281345400410.pdf
*** Uploading 202603281431300110 [27/102]
Downloading https://gr.maharashtra.gov.in/Site/Upload/Government%20Resolutions/English/202603281431300110.pdf
	Saving on archive
**Uploaded: in.gov.maharashtra.gr.202603281431300110 https://s3.us.archive.org/in.gov.maharashtra.gr.202603281431300110/202603281431300110.pdf

Success: https://s3.us.archive.org/in.gov.maharashtra.gr.202603281431300110/202603281431300110.pdf
*** Uploading 202603281613525210 [28/102]
Downloading https://gr.maharashtra.gov.in/Site/Upload/Government%20Resolutions/English/202603281613525210.pdf
	Saving on archive
**Uploaded: in.gov.maharashtra.gr.202603281613525210 https://s3.us.archive.org/in.gov.maharashtra.gr.202603281613525210/202603281613525210.pdf

Success: https://s3.us.archive.org/in.gov.maharashtra.gr.202603281613525210/202603281613525210.pdf
*** Uploading 202603281135461613 [29/102]
Downloading https://gr.maharashtra.gov.in/Site/Upload/Government%20Resolutions/English/202603281135461613.pdf
	Saving on archive
**Uploaded: in.gov.maharashtra.gr.202603281135461613 https://s3.us.archive.org/in.gov.maharashtra.gr.202603281135461613/202603281135461613.pdf

Success: https://s3.us.archive.org/in.gov.maharashtra.gr.202603281135461613/202603281135461613.pdf
*** Uploading 202603281438101913 [30/102]
Downloading https://gr.maharashtra.gov.in/Site/Upload/Government%20Resolutions/English/202603281438101913.pdf
	Saving on archive
**Uploaded: in.gov.maharashtra.gr.202603281438101913 https://s3.us.archive.org/in.gov.maharashtra.gr.202603281438101913/202603281438101913.pdf

Success: https://s3.us.archive.org/in.gov.maharashtra.gr.202603281438101913/202603281438101913.pdf
*** Uploading 202603281237413314 [31/102]
Downloading https://gr.maharashtra.gov.in/Site/Upload/Government%20Resolutions/English/202603281237413314.pdf
	Saving on archive
**Uploaded: in.gov.maharashtra.gr.202603281237413314 https://s3.us.archive.org/in.gov.maharashtra.gr.202603281237413314/202603281237413314.pdf

Success: https://s3.us.archive.org/in.gov.maharashtra.gr.202603281237413314/202603281237413314.pdf
*** Uploading 202603281338246814 [32/102]
Downloading https://gr.maharashtra.gov.in/Site/Upload/Government%20Resolutions/English/202603281338246814.pdf
	Saving on archive
**Uploaded: in.gov.maharashtra.gr.202603281338246814 https://s3.us.archive.org/in.gov.maharashtra.gr.202603281338246814/202603281338246814.pdf

Success: https://s3.us.archive.org/in.gov.maharashtra.gr.202603281338246814/202603281338246814.pdf
*** Uploading 202603281257256617 [33/102]
Downloading https://gr.maharashtra.gov.in/Site/Upload/Government%20Resolutions/English/202603281257256617.pdf
	Saving on archive
**Uploaded: in.gov.maharashtra.gr.202603281257256617 https://s3.us.archive.org/in.gov.maharashtra.gr.202603281257256617/202603281257256617.pdf

Success: https://s3.us.archive.org/in.gov.maharashtra.gr.202603281257256617/202603281257256617.pdf
*** Uploading 202603281325399117 [34/102]
Downloading https://gr.maharashtra.gov.in/Site/Upload/Government%20Resolutions/English/202603281325399117.pdf
	Saving on archive
**Uploaded: in.gov.maharashtra.gr.202603281325399117 https://s3.us.archive.org/in.gov.maharashtra.gr.202603281325399117/202603281325399117.pdf

Success: https://s3.us.archive.org/in.gov.maharashtra.gr.202603281325399117/202603281325399117.pdf
*** Uploading 202603281325548417 [35/102]
Downloading https://gr.maharashtra.gov.in/Site/Upload/Government%20Resolutions/English/202603281325548417.pdf
	Saving on archive
**Uploaded: in.gov.maharashtra.gr.202603281325548417 https://s3.us.archive.org/in.gov.maharashtra.gr.202603281325548417/202603281325548417.pdf

Success: https://s3.us.archive.org/in.gov.maharashtra.gr.202603281325548417/202603281325548417.pdf
*** Uploading 202603281239593419 [36/102]
Downloading https://gr.maharashtra.gov.in/Site/Upload/Government%20Resolutions/English/202603281239593419.pdf
	Saving on archive
**Uploaded: in.gov.maharashtra.gr.202603281239593419 https://s3.us.archive.org/in.gov.maharashtra.gr.202603281239593419/202603281239593419.pdf

Success: https://s3.us.archive.org/in.gov.maharashtra.gr.202603281239593419/202603281239593419.pdf
*** Uploading 202603281250569119 [37/102]
Downloading https://gr.maharashtra.gov.in/Site/Upload/Government%20Resolutions/English/202603281250569119.pdf
	Saving on archive
**Uploaded: in.gov.maharashtra.gr.202603281250569119 https://s3.us.archive.org/in.gov.maharashtra.gr.202603281250569119/202603281250569119.pdf

Success: https://s3.us.archive.org/in.gov.maharashtra.gr.202603281250569119/202603281250569119.pdf
*** Uploading 202603281254008719 [38/102]
Downloading https://gr.maharashtra.gov.in/Site/Upload/Government%20Resolutions/English/202603281254008719.pdf
	Saving on archive
**Uploaded: in.gov.maharashtra.gr.202603281254008719 https://s3.us.archive.org/in.gov.maharashtra.gr.202603281254008719/202603281254008719.pdf

Success: https://s3.us.archive.org/in.gov.maharashtra.gr.202603281254008719/202603281254008719.pdf
*** Uploading 202603281255583619 [39/102]
Downloading https://gr.maharashtra.gov.in/Site/Upload/Government%20Resolutions/English/202603281255583619.pdf
	Saving on archive
Exeption as Error retrieving metadata from https://archive.org/metadata/in.gov.maharashtra.gr.202603281255583619, (MaxRetryError("HTTPSConnectionPool(host='archive.org', port=443): Max retries exceeded with url: /metadata/in.gov.maharashtra.gr.202603281255583619 (Caused by ConnectTimeoutError(<urllib3.connection.HTTPSConnection object at 0x7f39df1b1330>, 'Connection to archive.org timed out. (connect timeout=12)'))"), 'https://archive.org/metadata/in.gov.maharashtra.gr.202603281255583619')
Failed
*** Uploading 202603281327370419 [40/102]
Downloading https://gr.maharashtra.gov.in/Site/Upload/Government%20Resolutions/English/202603281327370419.pdf
	Saving on archive
**Uploaded: in.gov.maharashtra.gr.202603281327370419 https://s3.us.archive.org/in.gov.maharashtra.gr.202603281327370419/202603281327370419.pdf

Success: https://s3.us.archive.org/in.gov.maharashtra.gr.202603281327370419/202603281327370419.pdf
*** Uploading 202603281558140419 [41/102]
Downloading https://gr.maharashtra.gov.in/Site/Upload/Government%20Resolutions/English/202603281558140419.pdf
	Saving on archive
**Uploaded: in.gov.maharashtra.gr.202603281558140419 https://s3.us.archive.org/in.gov.maharashtra.gr.202603281558140419/202603281558140419.pdf

Success: https://s3.us.archive.org/in.gov.maharashtra.gr.202603281558140419/202603281558140419.pdf
*** Uploading 202603281107469120 [42/102]
Downloading https://gr.maharashtra.gov.in/Site/Upload/Government%20Resolutions/English/202603281107469120.pdf
	Saving on archive
**Uploaded: in.gov.maharashtra.gr.202603281107469120 https://s3.us.archive.org/in.gov.maharashtra.gr.202603281107469120/202603281107469120.pdf

Success: https://s3.us.archive.org/in.gov.maharashtra.gr.202603281107469120/202603281107469120.pdf
*** Uploading 202603281409542421 [43/102]
Downloading https://gr.maharashtra.gov.in/Site/Upload/Government%20Resolutions/English/202603281409542421.pdf
	Saving on archive
**Uploaded: in.gov.maharashtra.gr.202603281409542421 https://s3.us.archive.org/in.gov.maharashtra.gr.202603281409542421/202603281409542421.pdf

Success: https://s3.us.archive.org/in.gov.maharashtra.gr.202603281409542421/202603281409542421.pdf
*** Uploading 202603281430126321 [44/102]
Downloading https://gr.maharashtra.gov.in/Site/Upload/Government%20Resolutions/English/202603281430126321.pdf
	Saving on archive
**Uploaded: in.gov.maharashtra.gr.202603281430126321 https://s3.us.archive.org/in.gov.maharashtra.gr.202603281430126321/202603281430126321.pdf

Success: https://s3.us.archive.org/in.gov.maharashtra.gr.202603281430126321/202603281430126321.pdf
*** Uploading 202603281458481521 [45/102]
Downloading https://gr.maharashtra.gov.in/Site/Upload/Government%20Resolutions/English/202603281458481521.pdf
	Saving on archive
**Uploaded: in.gov.maharashtra.gr.202603281458481521 https://s3.us.archive.org/in.gov.maharashtra.gr.202603281458481521/202603281458481521.pdf

Success: https://s3.us.archive.org/in.gov.maharashtra.gr.202603281458481521/202603281458481521.pdf
*** Uploading 202603281600344721 [46/102]
Downloading https://gr.maharashtra.gov.in/Site/Upload/Government%20Resolutions/English/202603281600344721.pdf
	Saving on archive
**Uploaded: in.gov.maharashtra.gr.202603281600344721 https://s3.us.archive.org/in.gov.maharashtra.gr.202603281600344721/202603281600344721.pdf

Success: https://s3.us.archive.org/in.gov.maharashtra.gr.202603281600344721/202603281600344721.pdf
*** Uploading 202603281603366521 [47/102]
Downloading https://gr.maharashtra.gov.in/Site/Upload/Government%20Resolutions/English/202603281603366521.pdf
	Saving on archive
**Uploaded: in.gov.maharashtra.gr.202603281603366521 https://s3.us.archive.org/in.gov.maharashtra.gr.202603281603366521/202603281603366521.pdf

Success: https://s3.us.archive.org/in.gov.maharashtra.gr.202603281603366521/202603281603366521.pdf
*** Uploading 202603281633158221 [48/102]
Downloading https://gr.maharashtra.gov.in/Site/Upload/Government%20Resolutions/English/202603281633158221.pdf
	Saving on archive
**Uploaded: in.gov.maharashtra.gr.202603281633158221 https://s3.us.archive.org/in.gov.maharashtra.gr.202603281633158221/202603281633158221.pdf

Success: https://s3.us.archive.org/in.gov.maharashtra.gr.202603281633158221/202603281633158221.pdf
*** Uploading 202603281638371221 [49/102]
Downloading https://gr.maharashtra.gov.in/Site/Upload/Government%20Resolutions/English/202603281638371221.pdf
	Saving on archive
**Uploaded: in.gov.maharashtra.gr.202603281638371221 https://s3.us.archive.org/in.gov.maharashtra.gr.202603281638371221/202603281638371221.pdf

Success: https://s3.us.archive.org/in.gov.maharashtra.gr.202603281638371221/202603281638371221.pdf
*** Uploading 202603281643335221 [50/102]
Downloading https://gr.maharashtra.gov.in/Site/Upload/Government%20Resolutions/English/202603281643335221.pdf
	Saving on archive
**Uploaded: in.gov.maharashtra.gr.202603281643335221 https://s3.us.archive.org/in.gov.maharashtra.gr.202603281643335221/202603281643335221.pdf

Success: https://s3.us.archive.org/in.gov.maharashtra.gr.202603281643335221/202603281643335221.pdf
*** Uploading 202603281731255421 [51/102]
Downloading https://gr.maharashtra.gov.in/Site/Upload/Government%20Resolutions/English/202603281731255421.pdf
	Saving on archive
**Uploaded: in.gov.maharashtra.gr.202603281731255421 https://s3.us.archive.org/in.gov.maharashtra.gr.202603281731255421/202603281731255421.pdf

Success: https://s3.us.archive.org/in.gov.maharashtra.gr.202603281731255421/202603281731255421.pdf
*** Uploading 202603281741214621 [52/102]
Downloading https://gr.maharashtra.gov.in/Site/Upload/Government%20Resolutions/English/202603281741214621....pdf
	Saving on archive
Exeption as Error retrieving metadata from https://archive.org/metadata/in.gov.maharashtra.gr.202603281741214621, (MaxRetryError("HTTPSConnectionPool(host='archive.org', port=443): Max retries exceeded with url: /metadata/in.gov.maharashtra.gr.202603281741214621 (Caused by ConnectTimeoutError(<urllib3.connection.HTTPSConnection object at 0x7f39df1b2050>, 'Connection to archive.org timed out. (connect timeout=12)'))"), 'https://archive.org/metadata/in.gov.maharashtra.gr.202603281741214621')
Failed
*** Uploading 202603281745336521 [53/102]
Downloading https://gr.maharashtra.gov.in/Site/Upload/Government%20Resolutions/English/202603281745336521.pdf
	Saving on archive
**Uploaded: in.gov.maharashtra.gr.202603281745336521 https://s3.us.archive.org/in.gov.maharashtra.gr.202603281745336521/202603281745336521.pdf

Success: https://s3.us.archive.org/in.gov.maharashtra.gr.202603281745336521/202603281745336521.pdf
*** Uploading 202603281747033521 [54/102]
Downloading https://gr.maharashtra.gov.in/Site/Upload/Government%20Resolutions/English/202603281747033521.pdf
	Saving on archive
**Uploaded: in.gov.maharashtra.gr.202603281747033521 https://s3.us.archive.org/in.gov.maharashtra.gr.202603281747033521/202603281747033521.pdf

Success: https://s3.us.archive.org/in.gov.maharashtra.gr.202603281747033521/202603281747033521.pdf
*** Uploading 202603281836135921 [55/102]
Downloading https://gr.maharashtra.gov.in/Site/Upload/Government%20Resolutions/English/202603281836135921.pdf
	Saving on archive
**Uploaded: in.gov.maharashtra.gr.202603281836135921 https://s3.us.archive.org/in.gov.maharashtra.gr.202603281836135921/202603281836135921.pdf

Success: https://s3.us.archive.org/in.gov.maharashtra.gr.202603281836135921/202603281836135921.pdf
*** Uploading 202603281900102021 [56/102]
Downloading https://gr.maharashtra.gov.in/Site/Upload/Government%20Resolutions/English/202603281900102021.pdf
	Saving on archive
**Uploaded: in.gov.maharashtra.gr.202603281900102021 https://s3.us.archive.org/in.gov.maharashtra.gr.202603281900102021/202603281900102021.pdf

Success: https://s3.us.archive.org/in.gov.maharashtra.gr.202603281900102021/202603281900102021.pdf
*** Uploading 202603281900306021 [57/102]
Downloading https://gr.maharashtra.gov.in/Site/Upload/Government%20Resolutions/English/202603281900306021.pdf
	Saving on archive
**Uploaded: in.gov.maharashtra.gr.202603281900306021 https://s3.us.archive.org/in.gov.maharashtra.gr.202603281900306021/202603281900306021.pdf

Success: https://s3.us.archive.org/in.gov.maharashtra.gr.202603281900306021/202603281900306021.pdf
*** Uploading 202603282008122221 [58/102]
Downloading https://gr.maharashtra.gov.in/Site/Upload/Government%20Resolutions/English/202603282008122221.pdf
	Saving on archive
**Uploaded: in.gov.maharashtra.gr.202603282008122221 https://s3.us.archive.org/in.gov.maharashtra.gr.202603282008122221/202603282008122221.pdf

Success: https://s3.us.archive.org/in.gov.maharashtra.gr.202603282008122221/202603282008122221.pdf
*** Uploading 202603282008274721 [59/102]
Downloading https://gr.maharashtra.gov.in/Site/Upload/Government%20Resolutions/English/202603282008274721.pdf
	Saving on archive
**Uploaded: in.gov.maharashtra.gr.202603282008274721 https://s3.us.archive.org/in.gov.maharashtra.gr.202603282008274721/202603282008274721.pdf

Success: https://s3.us.archive.org/in.gov.maharashtra.gr.202603282008274721/202603282008274721.pdf
*** Uploading 202603281904333321 [60/102]
Downloading https://gr.maharashtra.gov.in/Site/Upload/Government%20Resolutions/English/202603281904333321.pdf
	Saving on archive
**Uploaded: in.gov.maharashtra.gr.202603281904333321 https://s3.us.archive.org/in.gov.maharashtra.gr.202603281904333321/202603281904333321.pdf

Success: https://s3.us.archive.org/in.gov.maharashtra.gr.202603281904333321/202603281904333321.pdf
*** Uploading 202603281507382722 [61/102]
Downloading https://gr.maharashtra.gov.in/Site/Upload/Government%20Resolutions/English/202603281507382722.pdf
	Saving on archive
**Uploaded: in.gov.maharashtra.gr.202603281507382722 https://s3.us.archive.org/in.gov.maharashtra.gr.202603281507382722/202603281507382722.pdf

Success: https://s3.us.archive.org/in.gov.maharashtra.gr.202603281507382722/202603281507382722.pdf
*** Uploading 202603281606104422 [62/102]
Downloading https://gr.maharashtra.gov.in/Site/Upload/Government%20Resolutions/English/202603281606104422.pdf
	Saving on archive
**Uploaded: in.gov.maharashtra.gr.202603281606104422 https://s3.us.archive.org/in.gov.maharashtra.gr.202603281606104422/202603281606104422.pdf

Success: https://s3.us.archive.org/in.gov.maharashtra.gr.202603281606104422/202603281606104422.pdf
*** Uploading 202603281609096722 [63/102]
Downloading https://gr.maharashtra.gov.in/Site/Upload/Government%20Resolutions/English/202603281609096722.pdf
	Saving on archive
**Uploaded: in.gov.maharashtra.gr.202603281609096722 https://s3.us.archive.org/in.gov.maharashtra.gr.202603281609096722/202603281609096722.pdf

Success: https://s3.us.archive.org/in.gov.maharashtra.gr.202603281609096722/202603281609096722.pdf
*** Uploading 202603281834271322 [64/102]
Downloading https://gr.maharashtra.gov.in/Site/Upload/Government%20Resolutions/English/202603281834271322.pdf
	Saving on archive
**Uploaded: in.gov.maharashtra.gr.202603281834271322 https://s3.us.archive.org/in.gov.maharashtra.gr.202603281834271322/202603281834271322.pdf

Success: https://s3.us.archive.org/in.gov.maharashtra.gr.202603281834271322/202603281834271322.pdf
*** Uploading 202603281341438123 [65/102]
Downloading https://gr.maharashtra.gov.in/Site/Upload/Government%20Resolutions/English/202603281341438123.pdf
	Saving on archive
**Uploaded: in.gov.maharashtra.gr.202603281341438123 https://s3.us.archive.org/in.gov.maharashtra.gr.202603281341438123/202603281341438123.pdf

Success: https://s3.us.archive.org/in.gov.maharashtra.gr.202603281341438123/202603281341438123.pdf
*** Uploading 202603281522349523 [66/102]
Downloading https://gr.maharashtra.gov.in/Site/Upload/Government%20Resolutions/English/202603281522349523.pdf
	Saving on archive
**Uploaded: in.gov.maharashtra.gr.202603281522349523 https://s3.us.archive.org/in.gov.maharashtra.gr.202603281522349523/202603281522349523.pdf

Success: https://s3.us.archive.org/in.gov.maharashtra.gr.202603281522349523/202603281522349523.pdf
*** Uploading 202603281525590123 [67/102]
Downloading https://gr.maharashtra.gov.in/Site/Upload/Government%20Resolutions/English/202603281525590123.pdf
	Saving on archive
**Uploaded: in.gov.maharashtra.gr.202603281525590123 https://s3.us.archive.org/in.gov.maharashtra.gr.202603281525590123/202603281525590123.pdf

Success: https://s3.us.archive.org/in.gov.maharashtra.gr.202603281525590123/202603281525590123.pdf
*** Uploading 202603281617153523 [68/102]
Downloading https://gr.maharashtra.gov.in/Site/Upload/Government%20Resolutions/English/202603281617153523.pdf
	Saving on archive
**Uploaded: in.gov.maharashtra.gr.202603281617153523 https://s3.us.archive.org/in.gov.maharashtra.gr.202603281617153523/202603281617153523.pdf

Success: https://s3.us.archive.org/in.gov.maharashtra.gr.202603281617153523/202603281617153523.pdf
*** Uploading 202603281736417723 [69/102]
Downloading https://gr.maharashtra.gov.in/Site/Upload/Government%20Resolutions/English/202603281736417723.pdf
	Saving on archive
**Uploaded: in.gov.maharashtra.gr.202603281736417723 https://s3.us.archive.org/in.gov.maharashtra.gr.202603281736417723/202603281736417723.pdf

Success: https://s3.us.archive.org/in.gov.maharashtra.gr.202603281736417723/202603281736417723.pdf
*** Uploading 202603281806152123 [70/102]
Downloading https://gr.maharashtra.gov.in/Site/Upload/Government%20Resolutions/English/202603281806152123.pdf
	Saving on archive
**Uploaded: in.gov.maharashtra.gr.202603281806152123 https://s3.us.archive.org/in.gov.maharashtra.gr.202603281806152123/202603281806152123.pdf

Success: https://s3.us.archive.org/in.gov.maharashtra.gr.202603281806152123/202603281806152123.pdf
*** Uploading 202603281808391523 [71/102]
Downloading https://gr.maharashtra.gov.in/Site/Upload/Government%20Resolutions/English/202603281808391523.pdf
	Saving on archive
**Uploaded: in.gov.maharashtra.gr.202603281808391523 https://s3.us.archive.org/in.gov.maharashtra.gr.202603281808391523/202603281808391523.pdf

Success: https://s3.us.archive.org/in.gov.maharashtra.gr.202603281808391523/202603281808391523.pdf
*** Uploading 202603281229589224 [72/102]
Downloading https://gr.maharashtra.gov.in/Site/Upload/Government%20Resolutions/English/202603281229589224.pdf
	Saving on archive
**Uploaded: in.gov.maharashtra.gr.202603281229589224 https://s3.us.archive.org/in.gov.maharashtra.gr.202603281229589224/202603281229589224.pdf

Success: https://s3.us.archive.org/in.gov.maharashtra.gr.202603281229589224/202603281229589224.pdf
*** Uploading 202603281601366724 [73/102]
Downloading https://gr.maharashtra.gov.in/Site/Upload/Government%20Resolutions/English/202603281601366724.pdf
	Saving on archive
Exeption as Error retrieving metadata from https://archive.org/metadata/in.gov.maharashtra.gr.202603281601366724, (MaxRetryError("HTTPSConnectionPool(host='archive.org', port=443): Max retries exceeded with url: /metadata/in.gov.maharashtra.gr.202603281601366724 (Caused by ConnectTimeoutError(<urllib3.connection.HTTPSConnection object at 0x7f39dea02c20>, 'Connection to archive.org timed out. (connect timeout=12)'))"), 'https://archive.org/metadata/in.gov.maharashtra.gr.202603281601366724')
Failed
*** Uploading 202603281313330029 [74/102]
Downloading https://gr.maharashtra.gov.in/Site/Upload/Government%20Resolutions/English/202603281313330029.pdf
	Saving on archive
**Uploaded: in.gov.maharashtra.gr.202603281313330029 https://s3.us.archive.org/in.gov.maharashtra.gr.202603281313330029/202603281313330029.pdf

Success: https://s3.us.archive.org/in.gov.maharashtra.gr.202603281313330029/202603281313330029.pdf
*** Uploading 202603281729525230 [75/102]
Downloading https://gr.maharashtra.gov.in/Site/Upload/Government%20Resolutions/English/202603281729525230.pdf
	Saving on archive
**Uploaded: in.gov.maharashtra.gr.202603281729525230 https://s3.us.archive.org/in.gov.maharashtra.gr.202603281729525230/202603281729525230.pdf

Success: https://s3.us.archive.org/in.gov.maharashtra.gr.202603281729525230/202603281729525230.pdf
*** Uploading 202603281735448430 [76/102]
Downloading https://gr.maharashtra.gov.in/Site/Upload/Government%20Resolutions/English/202603281735448430.pdf
	Saving on archive
**Uploaded: in.gov.maharashtra.gr.202603281735448430 https://s3.us.archive.org/in.gov.maharashtra.gr.202603281735448430/202603281735448430.pdf

Success: https://s3.us.archive.org/in.gov.maharashtra.gr.202603281735448430/202603281735448430.pdf
*** Uploading 202603281735339030 [77/102]
Downloading https://gr.maharashtra.gov.in/Site/Upload/Government%20Resolutions/English/202603281735339030.pdf
	Saving on archive
**Uploaded: in.gov.maharashtra.gr.202603281735339030 https://s3.us.archive.org/in.gov.maharashtra.gr.202603281735339030/202603281735339030.pdf

Success: https://s3.us.archive.org/in.gov.maharashtra.gr.202603281735339030/202603281735339030.pdf
*** Uploading 202603281548313735 [78/102]
Downloading https://gr.maharashtra.gov.in/Site/Upload/Government%20Resolutions/English/202603281548313735.pdf
	Saving on archive
**Uploaded: in.gov.maharashtra.gr.202603281548313735 https://s3.us.archive.org/in.gov.maharashtra.gr.202603281548313735/202603281548313735.pdf

Success: https://s3.us.archive.org/in.gov.maharashtra.gr.202603281548313735/202603281548313735.pdf
*** Uploading 202603281550595335 [79/102]
Downloading https://gr.maharashtra.gov.in/Site/Upload/Government%20Resolutions/English/202603281550595335.pdf
	Saving on archive
**Uploaded: in.gov.maharashtra.gr.202603281550595335 https://s3.us.archive.org/in.gov.maharashtra.gr.202603281550595335/202603281550595335.pdf

Success: https://s3.us.archive.org/in.gov.maharashtra.gr.202603281550595335/202603281550595335.pdf
*** Uploading 202603281552088035 [80/102]
Downloading https://gr.maharashtra.gov.in/Site/Upload/Government%20Resolutions/English/202603281552088035.pdf
	Saving on archive
**Uploaded: in.gov.maharashtra.gr.202603281552088035 https://s3.us.archive.org/in.gov.maharashtra.gr.202603281552088035/202603281552088035.pdf

Success: https://s3.us.archive.org/in.gov.maharashtra.gr.202603281552088035/202603281552088035.pdf
*** Uploading 202603281552449035 [81/102]
Downloading https://gr.maharashtra.gov.in/Site/Upload/Government%20Resolutions/English/202603281552449035.pdf
	Saving on archive
**Uploaded: in.gov.maharashtra.gr.202603281552449035 https://s3.us.archive.org/in.gov.maharashtra.gr.202603281552449035/202603281552449035.pdf

Success: https://s3.us.archive.org/in.gov.maharashtra.gr.202603281552449035/202603281552449035.pdf
*** Uploading 202603281554043135 [82/102]
Downloading https://gr.maharashtra.gov.in/Site/Upload/Government%20Resolutions/English/202603281554043135.pdf
	Saving on archive
Exeption as Error retrieving metadata from https://archive.org/metadata/in.gov.maharashtra.gr.202603281554043135, (MaxRetryError("HTTPSConnectionPool(host='archive.org', port=443): Max retries exceeded with url: /metadata/in.gov.maharashtra.gr.202603281554043135 (Caused by ConnectTimeoutError(<urllib3.connection.HTTPSConnection object at 0x7f39deb09240>, 'Connection to archive.org timed out. (connect timeout=12)'))"), 'https://archive.org/metadata/in.gov.maharashtra.gr.202603281554043135')
Failed
*** Uploading 202603281555331135 [83/102]
Downloading https://gr.maharashtra.gov.in/Site/Upload/Government%20Resolutions/English/202603281555331135.pdf
	Saving on archive
**Uploaded: in.gov.maharashtra.gr.202603281555331135 https://s3.us.archive.org/in.gov.maharashtra.gr.202603281555331135/202603281555331135.pdf

Success: https://s3.us.archive.org/in.gov.maharashtra.gr.202603281555331135/202603281555331135.pdf
*** Uploading 202603281556281735 [84/102]
Downloading https://gr.maharashtra.gov.in/Site/Upload/Government%20Resolutions/English/202603281556281735.pdf
	Saving on archive
**Uploaded: in.gov.maharashtra.gr.202603281556281735 https://s3.us.archive.org/in.gov.maharashtra.gr.202603281556281735/202603281556281735.pdf

Success: https://s3.us.archive.org/in.gov.maharashtra.gr.202603281556281735/202603281556281735.pdf
*** Uploading 202603281557262235 [85/102]
Downloading https://gr.maharashtra.gov.in/Site/Upload/Government%20Resolutions/English/202603281557262235.pdf
	Saving on archive
**Uploaded: in.gov.maharashtra.gr.202603281557262235 https://s3.us.archive.org/in.gov.maharashtra.gr.202603281557262235/202603281557262235.pdf

Success: https://s3.us.archive.org/in.gov.maharashtra.gr.202603281557262235/202603281557262235.pdf
*** Uploading 202603281600138835 [86/102]
Downloading https://gr.maharashtra.gov.in/Site/Upload/Government%20Resolutions/English/202603281600138835.pdf
	Saving on archive
**Uploaded: in.gov.maharashtra.gr.202603281600138835 https://s3.us.archive.org/in.gov.maharashtra.gr.202603281600138835/202603281600138835.pdf

Success: https://s3.us.archive.org/in.gov.maharashtra.gr.202603281600138835/202603281600138835.pdf
*** Uploading 202603281602521135 [87/102]
Downloading https://gr.maharashtra.gov.in/Site/Upload/Government%20Resolutions/English/202603281602521135.pdf
	Saving on archive
**Uploaded: in.gov.maharashtra.gr.202603281602521135 https://s3.us.archive.org/in.gov.maharashtra.gr.202603281602521135/202603281602521135.pdf

Success: https://s3.us.archive.org/in.gov.maharashtra.gr.202603281602521135/202603281602521135.pdf
*** Uploading 202603281604574735 [88/102]
Downloading https://gr.maharashtra.gov.in/Site/Upload/Government%20Resolutions/English/202603281604574735.pdf
	Saving on archive
**Uploaded: in.gov.maharashtra.gr.202603281604574735 https://s3.us.archive.org/in.gov.maharashtra.gr.202603281604574735/202603281604574735.pdf

Success: https://s3.us.archive.org/in.gov.maharashtra.gr.202603281604574735/202603281604574735.pdf
*** Uploading 202603281606248935 [89/102]
Downloading https://gr.maharashtra.gov.in/Site/Upload/Government%20Resolutions/English/202603281606248935.pdf
	Saving on archive
**Uploaded: in.gov.maharashtra.gr.202603281606248935 https://s3.us.archive.org/in.gov.maharashtra.gr.202603281606248935/202603281606248935.pdf

Success: https://s3.us.archive.org/in.gov.maharashtra.gr.202603281606248935/202603281606248935.pdf
*** Uploading 202603281608333235 [90/102]
Downloading https://gr.maharashtra.gov.in/Site/Upload/Government%20Resolutions/English/202603281608333235.pdf
	Saving on archive
**Uploaded: in.gov.maharashtra.gr.202603281608333235 https://s3.us.archive.org/in.gov.maharashtra.gr.202603281608333235/202603281608333235.pdf

Success: https://s3.us.archive.org/in.gov.maharashtra.gr.202603281608333235/202603281608333235.pdf
*** Uploading 202603281610093235 [91/102]
Downloading https://gr.maharashtra.gov.in/Site/Upload/Government%20Resolutions/English/202603281610093235.pdf
	Saving on archive
**Uploaded: in.gov.maharashtra.gr.202603281610093235 https://s3.us.archive.org/in.gov.maharashtra.gr.202603281610093235/202603281610093235.pdf

Success: https://s3.us.archive.org/in.gov.maharashtra.gr.202603281610093235/202603281610093235.pdf
*** Uploading 202603281611524935 [92/102]
Downloading https://gr.maharashtra.gov.in/Site/Upload/Government%20Resolutions/English/202603281611524935.pdf
	Saving on archive
**Uploaded: in.gov.maharashtra.gr.202603281611524935 https://s3.us.archive.org/in.gov.maharashtra.gr.202603281611524935/202603281611524935.pdf

Success: https://s3.us.archive.org/in.gov.maharashtra.gr.202603281611524935/202603281611524935.pdf
*** Uploading 202603281613404835 [93/102]
Downloading https://gr.maharashtra.gov.in/Site/Upload/Government%20Resolutions/English/202603281613404835.pdf
	Saving on archive
**Uploaded: in.gov.maharashtra.gr.202603281613404835 https://s3.us.archive.org/in.gov.maharashtra.gr.202603281613404835/202603281613404835.pdf

Success: https://s3.us.archive.org/in.gov.maharashtra.gr.202603281613404835/202603281613404835.pdf
*** Uploading 202603281616287135 [94/102]
Downloading https://gr.maharashtra.gov.in/Site/Upload/Government%20Resolutions/English/202603281616287135.pdf
	Saving on archive
**Uploaded: in.gov.maharashtra.gr.202603281616287135 https://s3.us.archive.org/in.gov.maharashtra.gr.202603281616287135/202603281616287135.pdf

Success: https://s3.us.archive.org/in.gov.maharashtra.gr.202603281616287135/202603281616287135.pdf
*** Uploading 202603281618228835 [95/102]
Downloading https://gr.maharashtra.gov.in/Site/Upload/Government%20Resolutions/English/202603281618228835.pdf
	Saving on archive
**Uploaded: in.gov.maharashtra.gr.202603281618228835 https://s3.us.archive.org/in.gov.maharashtra.gr.202603281618228835/202603281618228835.pdf

Success: https://s3.us.archive.org/in.gov.maharashtra.gr.202603281618228835/202603281618228835.pdf
*** Uploading 202603281619559635 [96/102]
Downloading https://gr.maharashtra.gov.in/Site/Upload/Government%20Resolutions/English/202603281619559635.pdf
	Saving on archive
**Uploaded: in.gov.maharashtra.gr.202603281619559635 https://s3.us.archive.org/in.gov.maharashtra.gr.202603281619559635/202603281619559635.pdf

Success: https://s3.us.archive.org/in.gov.maharashtra.gr.202603281619559635/202603281619559635.pdf
*** Uploading 202603281621064735 [97/102]
Downloading https://gr.maharashtra.gov.in/Site/Upload/Government%20Resolutions/English/202603281621064735.pdf
	Saving on archive
**Uploaded: in.gov.maharashtra.gr.202603281621064735 https://s3.us.archive.org/in.gov.maharashtra.gr.202603281621064735/202603281621064735.pdf

Success: https://s3.us.archive.org/in.gov.maharashtra.gr.202603281621064735/202603281621064735.pdf
*** Uploading 202603281621524035 [98/102]
Downloading https://gr.maharashtra.gov.in/Site/Upload/Government%20Resolutions/English/202603281621524035.pdf
	Saving on archive
**Uploaded: in.gov.maharashtra.gr.202603281621524035 https://s3.us.archive.org/in.gov.maharashtra.gr.202603281621524035/202603281621524035.pdf

Success: https://s3.us.archive.org/in.gov.maharashtra.gr.202603281621524035/202603281621524035.pdf
*** Uploading 202603281623337135 [99/102]
Downloading https://gr.maharashtra.gov.in/Site/Upload/Government%20Resolutions/English/202603281623337135.pdf
	Saving on archive
**Uploaded: in.gov.maharashtra.gr.202603281623337135 https://s3.us.archive.org/in.gov.maharashtra.gr.202603281623337135/202603281623337135.pdf

Success: https://s3.us.archive.org/in.gov.maharashtra.gr.202603281623337135/202603281623337135.pdf
*** Uploading 202603281624348035 [100/102]
Downloading https://gr.maharashtra.gov.in/Site/Upload/Government%20Resolutions/English/202603281624348035.pdf
	Saving on archive
**Uploaded: in.gov.maharashtra.gr.202603281624348035 https://s3.us.archive.org/in.gov.maharashtra.gr.202603281624348035/202603281624348035.pdf

Success: https://s3.us.archive.org/in.gov.maharashtra.gr.202603281624348035/202603281624348035.pdf
*** Uploading 202603271508156017 [101/102]
Downloading https://gr.maharashtra.gov.in/Site/Upload/Government%20Resolutions/English/202603271508156017.pdf
	Saving on archive
**Uploaded: in.gov.maharashtra.gr.202603271508156017 https://s3.us.archive.org/in.gov.maharashtra.gr.202603271508156017/202603271508156017.pdf

Success: https://s3.us.archive.org/in.gov.maharashtra.gr.202603271508156017/202603271508156017.pdf
